2025-07-14 07:35:08.752: [INFO] VisibilityChanged: 0
2025-07-14 07:35:08.779: [INFO] RecordSyncInitDuration has_sync_been_enabled: 0 state: 0
2025-07-14 07:35:08.779: [INFO] RecordSyncInitDuration has_sync_been_enabled: 0 state: 0
2025-07-14 07:35:08.780: [INFO] RecordSyncInitDuration has_sync_been_enabled: 0 state: 0
2025-07-14 07:35:08.780: [INFO] RecordSyncInitDuration has_sync_been_enabled: 0 state: 0
2025-07-14 07:35:08.780: [INFO] RecordSyncInitDuration has_sync_been_enabled: 0 state: 0
2025-07-14 07:35:08.781: [INFO] RecordSyncInitDuration has_sync_been_enabled: 0 state: 0
2025-07-14 07:35:08.781: [INFO] RecordSyncInitDuration has_sync_been_enabled: 0 state: 0
2025-07-14 07:35:08.782: [INFO] RecordSyncInitDuration has_sync_been_enabled: 0 state: 0
2025-07-14 07:35:08.782: [INFO] RecordSyncInitDuration has_sync_been_enabled: 0 state: 0
2025-07-14 07:35:08.782: [INFO] RecordSyncInitDuration has_sync_been_enabled: 0 state: 0
2025-07-14 07:35:08.783: [INFO] RecordSyncInitDuration has_sync_been_enabled: 0 state: 0
2025-07-14 07:35:08.787: [INFO] BookmarkModelLoaded, ids_reassigned: 0
2025-07-14 07:35:08.787: [INFO] OnDoneLoading sync enabled: 0
2025-07-14 07:35:08.823: [INFO] RecordSyncInitDuration has_sync_been_enabled: 0 state: 0
2025-07-14 07:35:08.904: [INFO] RecordSyncInitDuration has_sync_been_enabled: 0 state: 3
2025-07-14 07:35:08.905: [INFO] Primary account changed.
2025-07-14 07:35:08.905: [INFO] OnPrimaryAccountChanged PrimaryAccountChangeEvent::Type::kSet
2025-07-14 07:35:08.907: [INFO] RecordSyncInitDuration has_sync_been_enabled: 0 state: 3
2025-07-14 07:35:08.946: [INFO] RecordSyncInitDuration has_sync_been_enabled: 0 state: 3
2025-07-14 11:09:00.737: [INFO] VisibilityChanged: 0
2025-07-14 11:09:00.773: [INFO] BookmarkModelLoaded, ids_reassigned: 0
2025-07-14 11:09:00.773: [INFO] OnDoneLoading sync enabled: 1
2025-07-14 11:15:42.500: [INFO] VisibilityChanged: 0
2025-07-14 11:15:42.537: [INFO] BookmarkModelLoaded, ids_reassigned: 0
2025-07-14 11:15:42.537: [INFO] OnDoneLoading sync enabled: 1
2025-07-14 11:16:24.408: [INFO] VisibilityChanged: 0
2025-07-14 11:16:24.443: [INFO] BookmarkModelLoaded, ids_reassigned: 0
2025-07-14 11:16:24.443: [INFO] OnDoneLoading sync enabled: 1
2025-07-14 11:21:17.550: [INFO] VisibilityChanged: 0
2025-07-14 11:21:17.584: [INFO] BookmarkModelLoaded, ids_reassigned: 0
2025-07-14 11:21:17.584: [INFO] OnDoneLoading sync enabled: 1
2025-07-14 11:22:39.561: [INFO] VisibilityChanged: 0
2025-07-14 11:22:39.595: [INFO] BookmarkModelLoaded, ids_reassigned: 0
2025-07-14 11:22:39.595: [INFO] OnDoneLoading sync enabled: 1
2025-07-14 11:25:29.228: [INFO] VisibilityChanged: 0
2025-07-14 11:25:29.263: [INFO] BookmarkModelLoaded, ids_reassigned: 0
2025-07-14 11:25:29.263: [INFO] OnDoneLoading sync enabled: 1
2025-07-14 11:27:49.779: [INFO] VisibilityChanged: 0
2025-07-14 11:27:49.815: [INFO] BookmarkModelLoaded, ids_reassigned: 0
2025-07-14 11:27:49.815: [INFO] OnDoneLoading sync enabled: 1
2025-07-14 11:40:02.516: [INFO] VisibilityChanged: 0
2025-07-14 11:40:02.542: [INFO] BookmarkModelLoaded, ids_reassigned: 0
2025-07-14 11:40:02.542: [INFO] OnDoneLoading sync enabled: 1
2025-07-14 11:45:33.286: [INFO] VisibilityChanged: 0
2025-07-14 11:45:33.327: [INFO] BookmarkModelLoaded, ids_reassigned: 0
2025-07-14 11:45:33.327: [INFO] OnDoneLoading sync enabled: 1
2025-07-14 11:56:46.087: [INFO] VisibilityChanged: 0
2025-07-14 11:56:46.121: [INFO] BookmarkModelLoaded, ids_reassigned: 0
2025-07-14 11:56:46.121: [INFO] OnDoneLoading sync enabled: 1
2025-07-14 11:59:57.280: [INFO] VisibilityChanged: 0
2025-07-14 11:59:57.317: [INFO] BookmarkModelLoaded, ids_reassigned: 0
2025-07-14 11:59:57.317: [INFO] OnDoneLoading sync enabled: 1
2025-07-14 12:02:35.390: [INFO] VisibilityChanged: 0
2025-07-14 12:02:35.412: [INFO] BookmarkModelLoaded, ids_reassigned: 0
2025-07-14 12:02:35.412: [INFO] OnDoneLoading sync enabled: 1
2025-07-14 12:03:28.515: [INFO] VisibilityChanged: 0
2025-07-14 12:03:28.549: [INFO] BookmarkModelLoaded, ids_reassigned: 0
2025-07-14 12:03:28.549: [INFO] OnDoneLoading sync enabled: 1
2025-07-14 12:09:32.205: [INFO] VisibilityChanged: 0
2025-07-14 12:09:32.236: [INFO] BookmarkModelLoaded, ids_reassigned: 0
2025-07-14 12:09:32.236: [INFO] OnDoneLoading sync enabled: 1
2025-07-14 12:11:39.130: [INFO] VisibilityChanged: 0
2025-07-14 12:11:39.168: [INFO] BookmarkModelLoaded, ids_reassigned: 0
2025-07-14 12:11:39.168: [INFO] OnDoneLoading sync enabled: 1
2025-07-14 12:19:00.345: [INFO] VisibilityChanged: 0
2025-07-14 12:19:00.382: [INFO] BookmarkModelLoaded, ids_reassigned: 0
2025-07-14 12:19:00.382: [INFO] OnDoneLoading sync enabled: 1
2025-07-14 12:19:57.979: [INFO] VisibilityChanged: 0
2025-07-14 12:19:58.018: [INFO] BookmarkModelLoaded, ids_reassigned: 0
2025-07-14 12:19:58.018: [INFO] OnDoneLoading sync enabled: 1
2025-07-14 12:22:11.469: [INFO] VisibilityChanged: 0
2025-07-14 12:22:11.505: [INFO] BookmarkModelLoaded, ids_reassigned: 0
2025-07-14 12:22:11.505: [INFO] OnDoneLoading sync enabled: 1
2025-07-14 12:26:17.019: [INFO] VisibilityChanged: 0
2025-07-14 12:26:17.056: [INFO] BookmarkModelLoaded, ids_reassigned: 0
2025-07-14 12:26:17.056: [INFO] OnDoneLoading sync enabled: 1
2025-07-14 12:28:56.970: [INFO] VisibilityChanged: 0
2025-07-14 12:28:57.009: [INFO] BookmarkModelLoaded, ids_reassigned: 0
2025-07-14 12:28:57.009: [INFO] OnDoneLoading sync enabled: 1
2025-07-14 12:31:36.373: [INFO] VisibilityChanged: 0
2025-07-14 12:31:36.420: [INFO] BookmarkModelLoaded, ids_reassigned: 0
2025-07-14 12:31:36.420: [INFO] OnDoneLoading sync enabled: 1
2025-07-14 12:36:45.992: [INFO] VisibilityChanged: 0
2025-07-14 12:36:46.035: [INFO] BookmarkModelLoaded, ids_reassigned: 0
2025-07-14 12:36:46.035: [INFO] OnDoneLoading sync enabled: 1
2025-07-14 12:49:32.644: [INFO] VisibilityChanged: 0
2025-07-14 12:49:32.688: [INFO] BookmarkModelLoaded, ids_reassigned: 0
2025-07-14 12:49:32.688: [INFO] OnDoneLoading sync enabled: 1
2025-07-14 12:50:07.762: [INFO] VisibilityChanged: 0
2025-07-14 12:50:07.811: [INFO] BookmarkModelLoaded, ids_reassigned: 0
2025-07-14 12:50:07.811: [INFO] OnDoneLoading sync enabled: 1
2025-07-15 02:54:18.342: [INFO] VisibilityChanged: 0
2025-07-15 02:54:18.375: [INFO] BookmarkModelLoaded, ids_reassigned: 0
2025-07-15 02:54:18.375: [INFO] OnDoneLoading sync enabled: 1
2025-07-15 03:04:29.487: [INFO] VisibilityChanged: 0
2025-07-15 03:04:29.531: [INFO] BookmarkModelLoaded, ids_reassigned: 0
2025-07-15 03:04:29.531: [INFO] OnDoneLoading sync enabled: 1
2025-07-15 03:09:26.523: [INFO] VisibilityChanged: 0
2025-07-15 03:09:26.561: [INFO] BookmarkModelLoaded, ids_reassigned: 0
2025-07-15 03:09:26.561: [INFO] OnDoneLoading sync enabled: 1
2025-07-15 03:13:11.213: [INFO] VisibilityChanged: 0
2025-07-15 03:13:11.251: [INFO] BookmarkModelLoaded, ids_reassigned: 0
2025-07-15 03:13:11.251: [INFO] OnDoneLoading sync enabled: 1
2025-07-15 03:16:25.702: [INFO] VisibilityChanged: 0
2025-07-15 03:16:25.738: [INFO] BookmarkModelLoaded, ids_reassigned: 0
2025-07-15 03:16:25.738: [INFO] OnDoneLoading sync enabled: 1
2025-07-15 03:18:09.256: [INFO] VisibilityChanged: 0
2025-07-15 03:18:09.292: [INFO] BookmarkModelLoaded, ids_reassigned: 0
2025-07-15 03:18:09.292: [INFO] OnDoneLoading sync enabled: 1
2025-07-15 03:20:22.970: [INFO] VisibilityChanged: 0
2025-07-15 03:20:23.002: [INFO] BookmarkModelLoaded, ids_reassigned: 0
2025-07-15 03:20:23.002: [INFO] OnDoneLoading sync enabled: 1
2025-07-15 03:24:39.058: [INFO] VisibilityChanged: 0
2025-07-15 03:24:39.096: [INFO] BookmarkModelLoaded, ids_reassigned: 0
2025-07-15 03:24:39.096: [INFO] OnDoneLoading sync enabled: 1
2025-07-15 03:29:29.105: [INFO] VisibilityChanged: 0
2025-07-15 03:29:29.143: [INFO] BookmarkModelLoaded, ids_reassigned: 0
2025-07-15 03:29:29.143: [INFO] OnDoneLoading sync enabled: 1
2025-07-15 03:30:09.833: [INFO] VisibilityChanged: 0
2025-07-15 03:30:09.873: [INFO] BookmarkModelLoaded, ids_reassigned: 0
2025-07-15 03:30:09.873: [INFO] OnDoneLoading sync enabled: 1
2025-07-15 03:31:38.469: [INFO] VisibilityChanged: 0
2025-07-15 03:31:38.509: [INFO] BookmarkModelLoaded, ids_reassigned: 0
2025-07-15 03:31:38.509: [INFO] OnDoneLoading sync enabled: 1
2025-07-15 03:37:24.786: [INFO] VisibilityChanged: 0
2025-07-15 03:37:24.821: [INFO] BookmarkModelLoaded, ids_reassigned: 0
2025-07-15 03:37:24.821: [INFO] OnDoneLoading sync enabled: 1
2025-07-15 03:40:09.543: [INFO] VisibilityChanged: 0
2025-07-15 03:40:09.579: [INFO] BookmarkModelLoaded, ids_reassigned: 0
2025-07-15 03:40:09.579: [INFO] OnDoneLoading sync enabled: 1
2025-07-15 03:41:15.536: [INFO] VisibilityChanged: 0
2025-07-15 03:41:15.574: [INFO] BookmarkModelLoaded, ids_reassigned: 0
2025-07-15 03:41:15.574: [INFO] OnDoneLoading sync enabled: 1
2025-07-15 03:44:48.177: [INFO] VisibilityChanged: 0
2025-07-15 03:44:48.210: [INFO] BookmarkModelLoaded, ids_reassigned: 0
2025-07-15 03:44:48.210: [INFO] OnDoneLoading sync enabled: 1
2025-07-15 03:47:23.006: [INFO] VisibilityChanged: 0
2025-07-15 03:47:23.039: [INFO] BookmarkModelLoaded, ids_reassigned: 0
2025-07-15 03:47:23.039: [INFO] OnDoneLoading sync enabled: 1
2025-07-15 05:42:02.488: [INFO] VisibilityChanged: 0
2025-07-15 05:42:02.527: [INFO] BookmarkModelLoaded, ids_reassigned: 0
2025-07-15 05:42:02.527: [INFO] OnDoneLoading sync enabled: 1
2025-07-15 05:42:05.852: [INFO] VisibilityChanged: 1
2025-07-15 05:42:06.537: [INFO] BookmarkNodeAdded, ABU: 0
2025-07-15 05:42:06.537: [INFO] BookmarkNodeAdded, ABU: 0
2025-07-15 05:42:06.538: [INFO] BookmarkNodeAdded, ABU: 0
2025-07-15 05:42:06.538: [INFO] BookmarkNodeAdded, ABU: 0
2025-07-15 05:42:06.538: [INFO] BookmarkNodeAdded, ABU: 0
2025-07-15 05:42:06.538: [INFO] BookmarkNodeAdded, ABU: 0
2025-07-15 05:42:06.538: [INFO] BookmarkNodeAdded, ABU: 0
2025-07-15 05:42:06.538: [INFO] BookmarkNodeAdded, ABU: 0
2025-07-15 05:42:06.538: [INFO] BookmarkNodeAdded, ABU: 0
2025-07-15 05:42:06.538: [INFO] BookmarkNodeAdded, ABU: 0
2025-07-15 05:42:06.538: [INFO] BookmarkNodeAdded, ABU: 0
2025-07-15 05:42:06.538: [INFO] BookmarkNodeAdded, ABU: 0
2025-07-15 05:42:06.538: [INFO] BookmarkNodeAdded, ABU: 0
2025-07-15 05:42:06.538: [INFO] BookmarkNodeAdded, ABU: 0
2025-07-15 05:42:06.539: [INFO] BookmarkNodeAdded, ABU: 0
2025-07-15 05:42:06.539: [INFO] BookmarkNodeAdded, ABU: 0
2025-07-15 05:42:06.539: [INFO] BookmarkNodeAdded, ABU: 0
2025-07-15 05:42:06.539: [INFO] BookmarkNodeAdded, ABU: 0
2025-07-15 05:42:06.539: [INFO] BookmarkNodeAdded, ABU: 0
2025-07-15 05:42:06.539: [INFO] BookmarkNodeAdded, ABU: 0
2025-07-15 05:42:06.539: [INFO] BookmarkNodeAdded, ABU: 0
2025-07-15 05:42:06.539: [INFO] BookmarkNodeAdded, ABU: 0
2025-07-15 05:42:06.539: [INFO] BookmarkNodeAdded, ABU: 0
2025-07-15 05:42:06.539: [INFO] BookmarkNodeAdded, ABU: 0
2025-07-15 05:42:06.539: [INFO] BookmarkNodeAdded, ABU: 0
2025-07-15 05:42:06.539: [INFO] BookmarkNodeAdded, ABU: 0
2025-07-15 05:42:06.539: [INFO] BookmarkNodeAdded, ABU: 0
2025-07-15 05:42:06.540: [INFO] BookmarkNodeAdded, ABU: 0
2025-07-15 05:42:06.540: [INFO] BookmarkNodeAdded, ABU: 0
2025-07-15 05:42:06.540: [INFO] BookmarkNodeAdded, ABU: 0
2025-07-15 05:42:06.540: [INFO] BookmarkNodeAdded, ABU: 0
2025-07-15 05:42:06.540: [INFO] BookmarkNodeAdded, ABU: 0
2025-07-15 05:42:06.540: [INFO] BookmarkNodeAdded, ABU: 0
2025-07-15 05:42:06.540: [INFO] BookmarkNodeAdded, ABU: 0
2025-07-15 05:42:06.540: [INFO] BookmarkNodeAdded, ABU: 0
2025-07-15 05:42:06.540: [INFO] BookmarkNodeAdded, ABU: 0
2025-07-15 05:42:06.540: [INFO] BookmarkNodeAdded, ABU: 0
2025-07-15 05:42:06.540: [INFO] BookmarkNodeAdded, ABU: 0
2025-07-15 05:42:06.540: [INFO] BookmarkNodeAdded, ABU: 0
2025-07-15 05:42:06.540: [INFO] BookmarkNodeAdded, ABU: 0
2025-07-15 05:42:06.540: [INFO] BookmarkNodeAdded, ABU: 0
2025-07-15 05:42:06.540: [INFO] BookmarkNodeAdded, ABU: 0
2025-07-15 05:42:06.540: [INFO] BookmarkNodeAdded, ABU: 0
2025-07-15 05:42:06.540: [INFO] BookmarkNodeAdded, ABU: 0
2025-07-15 05:42:06.540: [INFO] BookmarkNodeAdded, ABU: 0
2025-07-15 05:42:06.540: [INFO] BookmarkNodeAdded, ABU: 0
2025-07-15 05:42:06.541: [INFO] BookmarkNodeAdded, ABU: 0
2025-07-15 05:42:06.541: [INFO] BookmarkNodeAdded, ABU: 0
2025-07-15 05:42:06.541: [INFO] BookmarkNodeAdded, ABU: 0
2025-07-15 05:42:06.541: [INFO] BookmarkNodeAdded, ABU: 0
2025-07-15 05:42:06.541: [INFO] BookmarkNodeAdded, ABU: 0
2025-07-15 05:42:06.541: [INFO] BookmarkNodeAdded, ABU: 0
2025-07-15 05:42:06.541: [INFO] BookmarkNodeAdded, ABU: 0
2025-07-15 05:42:06.541: [INFO] BookmarkNodeAdded, ABU: 0
2025-07-15 05:42:06.541: [INFO] BookmarkNodeAdded, ABU: 0
2025-07-15 05:42:06.541: [INFO] BookmarkNodeAdded, ABU: 0
2025-07-15 05:42:06.541: [INFO] BookmarkNodeAdded, ABU: 0
2025-07-15 05:42:06.541: [INFO] BookmarkNodeAdded, ABU: 0
2025-07-15 05:42:06.541: [INFO] BookmarkNodeAdded, ABU: 0
2025-07-15 05:42:06.541: [INFO] BookmarkNodeAdded, ABU: 0
2025-07-15 05:42:06.541: [INFO] BookmarkNodeAdded, ABU: 0
2025-07-15 05:42:06.541: [INFO] BookmarkNodeAdded, ABU: 0
2025-07-15 05:42:06.542: [INFO] BookmarkNodeAdded, ABU: 0
2025-07-15 05:42:06.542: [INFO] BookmarkNodeAdded, ABU: 0
2025-07-15 05:42:06.542: [INFO] BookmarkNodeAdded, ABU: 0
2025-07-15 05:42:06.542: [INFO] BookmarkNodeAdded, ABU: 0
2025-07-15 05:42:06.542: [INFO] BookmarkNodeAdded, ABU: 0
2025-07-15 05:42:06.542: [INFO] BookmarkNodeAdded, ABU: 0
2025-07-15 05:42:06.542: [INFO] BookmarkNodeAdded, ABU: 0
2025-07-15 05:42:06.542: [INFO] BookmarkNodeAdded, ABU: 0
2025-07-15 05:42:06.542: [INFO] BookmarkNodeAdded, ABU: 0
2025-07-15 05:42:06.542: [INFO] BookmarkNodeAdded, ABU: 0
2025-07-15 05:42:06.542: [INFO] BookmarkNodeAdded, ABU: 0
2025-07-15 05:42:06.542: [INFO] BookmarkNodeAdded, ABU: 0
2025-07-15 05:42:06.542: [INFO] BookmarkNodeAdded, ABU: 0
2025-07-15 05:42:06.542: [INFO] BookmarkNodeAdded, ABU: 0
2025-07-15 05:42:09.228: [INFO] Sync initialization duration: 6643ms
2025-07-15 05:42:30.444: [INFO] VisibilityChanged: 0
2025-07-15 05:44:19.682: [INFO] OnDoneLoading sync enabled: 1
2025-07-15 05:44:29.903: [INFO] Sync initialization duration: 10056ms
2025-07-15 05:47:15.135: [INFO] VisibilityChanged: 0
