{"logTime": "0714/115712", "correlationVector":"yg4vfj12yFJ/0anhQm220l","action":"SyncServerConnectionManagerRequest", "result":"CONNECTION_UNAVAILABLE", "context":{"error_type":"net_error_code", "error_value":"-100"}}
{"logTime": "0714/115728", "correlationVector":"+LMkLg+7XftayyigPxUYUY","action":"SyncServerConnectionManagerRequest", "result":"CONNECTION_UNAVAILABLE", "context":{"error_type":"net_error_code", "error_value":"-100"}}
{"logTime": "0714/115748", "correlationVector":"lojEvU7cp2a7GEbMw6QVmK","action":"SyncServerConnectionManagerRequest", "result":"CONNECTION_UNAVAILABLE", "context":{"error_type":"net_error_code", "error_value":"-100"}}
{"logTime": "0714/120012", "correlationVector":"dOwgLDft0YcoH6B6kvA/hu","action":"SyncServerConnectionManagerRequest", "result":"CONNECTION_UNAVAILABLE", "context":{"error_type":"net_error_code", "error_value":"-100"}}
{"logTime": "0714/120018", "correlationVector":"ov73L9p21srkbkaB8jiWnL.1","action":"SyncServerConnectionManagerRequest", "result":"SYNC_SERVER_OK", "context":{"environment":"", "migrationStage":"", "server":""}}
{"logTime": "0714/120018", "correlationVector":"ov73L9p21srkbkaB8jiWnL.2","action":"EncryptionKeysFetcher.DownloadKeys:", "result":"Success", "context":Key count: 7, Last key timestamp: 2025-02-13T05:41:07Z}
{"logTime": "0714/120018", "correlationVector":"ov73L9p21srkbkaB8jiWnL.3","action":"EncryptionKeysManager::SetEncryptionKeys:", "result":"Success", "context":Key names[7]:[S0LU+tS5wpanc1gsxTL1vNVBts2gHi2GwdcZIUIcpk22Mnn9z5Tr0xQZDOXDQQyXkrXZCFqL82axN2HaxmGYgg==][3Sv05JLDEvg38ZTytD/empbR9tprn/1C+rYIXhyGK7KObniVwBI464E4wCflVnXTCzk2Nktpj71sZChboNe2Og==][7VL7U4Zzq4c4w+XQRFz4qJkap/DFElV2XK+ADbWZzhDNfno9BrLowQHbWb3itifDw3QZTB0FVOxNmt/vaiKa+g==][LiUMM76vvIS85Gdag+r1MNw16jGlJePd5mLGW6rdBS+RfxLroVvUJP9XfUTcwwUHGVWiiLvT24a+863mlgpIpQ==][U6tVaL3pMAe8YkLq+JomgyaxB7qb74cDgfkR9cdzmEQkvlHk7EG2oOlcAqZSMnGciJmR2+sUkB4QI6u700S6hQ==][97O5UeHH0yU44V9j9S9XRW2gLlU54/dGAdXHoGfSXaqgozNtn8i+FB6KWqP+uXwBbRInOX7qt6b9Y994lyGgog==][PKXqMrcV0WsFE+HC/qQoHFIKfMCwUq56hW7qnixPAzRrz+6FH8UutAPHpsBNbP4qyR0oOnz/AnKn3RuXDME83w==]}
{"logTime": "0714/120018", "correlationVector":"ov73L9p21srkbkaB8jiWnL.4","action":"EncryptionKeysManager::SetEncryptionKeysWithTimestamps:", "result":"Success", "context":Key timestamps[7]:[2022-02-11T01:41:43Z][2022-08-12T01:57:04Z][2023-02-08T11:44:38Z][2023-08-08T00:59:14Z][2024-02-04T01:56:05Z][2024-08-02T02:56:24Z][2025-02-13T05:41:07Z]}
{"logTime": "0714/120019", "correlationVector":"duHQU8ViEllThSWPHJuHgH","action":"SyncServerConnectionManagerRequest", "result":"CONNECTION_UNAVAILABLE", "context":{"error_type":"net_error_code", "error_value":"-3"}}
{"logTime": "0714/120251", "correlationVector":"l0+HzY+d6OSzexlpjViXCp","action":"SyncServerConnectionManagerRequest", "result":"CONNECTION_UNAVAILABLE", "context":{"error_type":"net_error_code", "error_value":"-100"}}
{"logTime": "0714/120252", "correlationVector":"UmT4WRkhob5gWNTVFgC2fe.1","action":"SyncServerConnectionManagerRequest", "result":"SYNC_SERVER_OK", "context":{"environment":"", "migrationStage":"", "server":""}}
{"logTime": "0714/120252", "correlationVector":"UmT4WRkhob5gWNTVFgC2fe.2","action":"EncryptionKeysFetcher.DownloadKeys:", "result":"Success", "context":Key count: 7, Last key timestamp: 2025-02-13T05:41:07Z}
{"logTime": "0714/120252", "correlationVector":"UmT4WRkhob5gWNTVFgC2fe.3","action":"EncryptionKeysManager::SetEncryptionKeys:", "result":"Success", "context":Key names[7]:[S0LU+tS5wpanc1gsxTL1vNVBts2gHi2GwdcZIUIcpk22Mnn9z5Tr0xQZDOXDQQyXkrXZCFqL82axN2HaxmGYgg==][3Sv05JLDEvg38ZTytD/empbR9tprn/1C+rYIXhyGK7KObniVwBI464E4wCflVnXTCzk2Nktpj71sZChboNe2Og==][7VL7U4Zzq4c4w+XQRFz4qJkap/DFElV2XK+ADbWZzhDNfno9BrLowQHbWb3itifDw3QZTB0FVOxNmt/vaiKa+g==][LiUMM76vvIS85Gdag+r1MNw16jGlJePd5mLGW6rdBS+RfxLroVvUJP9XfUTcwwUHGVWiiLvT24a+863mlgpIpQ==][U6tVaL3pMAe8YkLq+JomgyaxB7qb74cDgfkR9cdzmEQkvlHk7EG2oOlcAqZSMnGciJmR2+sUkB4QI6u700S6hQ==][97O5UeHH0yU44V9j9S9XRW2gLlU54/dGAdXHoGfSXaqgozNtn8i+FB6KWqP+uXwBbRInOX7qt6b9Y994lyGgog==][PKXqMrcV0WsFE+HC/qQoHFIKfMCwUq56hW7qnixPAzRrz+6FH8UutAPHpsBNbP4qyR0oOnz/AnKn3RuXDME83w==]}
{"logTime": "0714/120252", "correlationVector":"UmT4WRkhob5gWNTVFgC2fe.4","action":"EncryptionKeysManager::SetEncryptionKeysWithTimestamps:", "result":"Success", "context":Key timestamps[7]:[2022-02-11T01:41:43Z][2022-08-12T01:57:04Z][2023-02-08T11:44:38Z][2023-08-08T00:59:14Z][2024-02-04T01:56:05Z][2024-08-02T02:56:24Z][2025-02-13T05:41:07Z]}
{"logTime": "0714/120302", "correlationVector":"QM8AA7n5MmNS9ofljY6fap","action":"SyncServerConnectionManagerRequest", "result":"CONNECTION_UNAVAILABLE", "context":{"error_type":"net_error_code", "error_value":"-100"}}
{"logTime": "0714/120342", "correlationVector":"ImcTLYBTo5YYeK2PRKsIsx","action":"SyncServerConnectionManagerRequest", "result":"CONNECTION_UNAVAILABLE", "context":{"error_type":"net_error_code", "error_value":"-100"}}
{"logTime": "0714/120346", "correlationVector":"s7L6GMvIgXyo7pVYJbPFDC.1","action":"SyncServerConnectionManagerRequest", "result":"SYNC_SERVER_OK", "context":{"environment":"", "migrationStage":"", "server":""}}
{"logTime": "0714/120346", "correlationVector":"s7L6GMvIgXyo7pVYJbPFDC.2","action":"EncryptionKeysFetcher.DownloadKeys:", "result":"Success", "context":Key count: 7, Last key timestamp: 2025-02-13T05:41:07Z}
{"logTime": "0714/120346", "correlationVector":"s7L6GMvIgXyo7pVYJbPFDC.3","action":"EncryptionKeysManager::SetEncryptionKeys:", "result":"Success", "context":Key names[7]:[S0LU+tS5wpanc1gsxTL1vNVBts2gHi2GwdcZIUIcpk22Mnn9z5Tr0xQZDOXDQQyXkrXZCFqL82axN2HaxmGYgg==][3Sv05JLDEvg38ZTytD/empbR9tprn/1C+rYIXhyGK7KObniVwBI464E4wCflVnXTCzk2Nktpj71sZChboNe2Og==][7VL7U4Zzq4c4w+XQRFz4qJkap/DFElV2XK+ADbWZzhDNfno9BrLowQHbWb3itifDw3QZTB0FVOxNmt/vaiKa+g==][LiUMM76vvIS85Gdag+r1MNw16jGlJePd5mLGW6rdBS+RfxLroVvUJP9XfUTcwwUHGVWiiLvT24a+863mlgpIpQ==][U6tVaL3pMAe8YkLq+JomgyaxB7qb74cDgfkR9cdzmEQkvlHk7EG2oOlcAqZSMnGciJmR2+sUkB4QI6u700S6hQ==][97O5UeHH0yU44V9j9S9XRW2gLlU54/dGAdXHoGfSXaqgozNtn8i+FB6KWqP+uXwBbRInOX7qt6b9Y994lyGgog==][PKXqMrcV0WsFE+HC/qQoHFIKfMCwUq56hW7qnixPAzRrz+6FH8UutAPHpsBNbP4qyR0oOnz/AnKn3RuXDME83w==]}
{"logTime": "0714/120346", "correlationVector":"s7L6GMvIgXyo7pVYJbPFDC.4","action":"EncryptionKeysManager::SetEncryptionKeysWithTimestamps:", "result":"Success", "context":Key timestamps[7]:[2022-02-11T01:41:43Z][2022-08-12T01:57:04Z][2023-02-08T11:44:38Z][2023-08-08T00:59:14Z][2024-02-04T01:56:05Z][2024-08-02T02:56:24Z][2025-02-13T05:41:07Z]}
{"logTime": "0714/120356", "correlationVector":"xbdMJBTFVvJiYf70SeF5/c","action":"SyncServerConnectionManagerRequest", "result":"CONNECTION_UNAVAILABLE", "context":{"error_type":"net_error_code", "error_value":"-3"}}
{"logTime": "0714/120947", "correlationVector":"Hsz3mmEF97WBRqqgQ9sv75","action":"SyncServerConnectionManagerRequest", "result":"CONNECTION_UNAVAILABLE", "context":{"error_type":"net_error_code", "error_value":"-100"}}
{"logTime": "0714/120947", "correlationVector":"ggVT3DTnqAiEFKlDb8w6wi.1","action":"SyncServerConnectionManagerRequest", "result":"SYNC_SERVER_OK", "context":{"environment":"", "migrationStage":"", "server":""}}
{"logTime": "0714/120947", "correlationVector":"ggVT3DTnqAiEFKlDb8w6wi.2","action":"EncryptionKeysFetcher.DownloadKeys:", "result":"Success", "context":Key count: 7, Last key timestamp: 2025-02-13T05:41:07Z}
{"logTime": "0714/120947", "correlationVector":"ggVT3DTnqAiEFKlDb8w6wi.3","action":"EncryptionKeysManager::SetEncryptionKeys:", "result":"Success", "context":Key names[7]:[S0LU+tS5wpanc1gsxTL1vNVBts2gHi2GwdcZIUIcpk22Mnn9z5Tr0xQZDOXDQQyXkrXZCFqL82axN2HaxmGYgg==][3Sv05JLDEvg38ZTytD/empbR9tprn/1C+rYIXhyGK7KObniVwBI464E4wCflVnXTCzk2Nktpj71sZChboNe2Og==][7VL7U4Zzq4c4w+XQRFz4qJkap/DFElV2XK+ADbWZzhDNfno9BrLowQHbWb3itifDw3QZTB0FVOxNmt/vaiKa+g==][LiUMM76vvIS85Gdag+r1MNw16jGlJePd5mLGW6rdBS+RfxLroVvUJP9XfUTcwwUHGVWiiLvT24a+863mlgpIpQ==][U6tVaL3pMAe8YkLq+JomgyaxB7qb74cDgfkR9cdzmEQkvlHk7EG2oOlcAqZSMnGciJmR2+sUkB4QI6u700S6hQ==][97O5UeHH0yU44V9j9S9XRW2gLlU54/dGAdXHoGfSXaqgozNtn8i+FB6KWqP+uXwBbRInOX7qt6b9Y994lyGgog==][PKXqMrcV0WsFE+HC/qQoHFIKfMCwUq56hW7qnixPAzRrz+6FH8UutAPHpsBNbP4qyR0oOnz/AnKn3RuXDME83w==]}
{"logTime": "0714/120947", "correlationVector":"ggVT3DTnqAiEFKlDb8w6wi.4","action":"EncryptionKeysManager::SetEncryptionKeysWithTimestamps:", "result":"Success", "context":Key timestamps[7]:[2022-02-11T01:41:43Z][2022-08-12T01:57:04Z][2023-02-08T11:44:38Z][2023-08-08T00:59:14Z][2024-02-04T01:56:05Z][2024-08-02T02:56:24Z][2025-02-13T05:41:07Z]}
{"logTime": "0714/120958", "correlationVector":"yNLw22FSDjinyQxQbqlfFZ","action":"SyncServerConnectionManagerRequest", "result":"CONNECTION_UNAVAILABLE", "context":{"error_type":"net_error_code", "error_value":"-100"}}
{"logTime": "0714/121012", "correlationVector":"HwhNATKMGn7dwTW5jOMTcw","action":"SyncServerConnectionManagerRequest", "result":"CONNECTION_UNAVAILABLE", "context":{"error_type":"net_error_code", "error_value":"-100"}}
{"logTime": "0714/121154", "correlationVector":"sHoKufrq+QXMk1Yu7AF6/I","action":"SyncServerConnectionManagerRequest", "result":"CONNECTION_UNAVAILABLE", "context":{"error_type":"net_error_code", "error_value":"-100"}}
{"logTime": "0714/121155", "correlationVector":"m6AUZxb5uxiR1f2CqtvVsb.1","action":"SyncServerConnectionManagerRequest", "result":"SYNC_SERVER_OK", "context":{"environment":"", "migrationStage":"", "server":""}}
{"logTime": "0714/121155", "correlationVector":"m6AUZxb5uxiR1f2CqtvVsb.2","action":"EncryptionKeysFetcher.DownloadKeys:", "result":"Success", "context":Key count: 7, Last key timestamp: 2025-02-13T05:41:07Z}
{"logTime": "0714/121155", "correlationVector":"m6AUZxb5uxiR1f2CqtvVsb.3","action":"EncryptionKeysManager::SetEncryptionKeys:", "result":"Success", "context":Key names[7]:[S0LU+tS5wpanc1gsxTL1vNVBts2gHi2GwdcZIUIcpk22Mnn9z5Tr0xQZDOXDQQyXkrXZCFqL82axN2HaxmGYgg==][3Sv05JLDEvg38ZTytD/empbR9tprn/1C+rYIXhyGK7KObniVwBI464E4wCflVnXTCzk2Nktpj71sZChboNe2Og==][7VL7U4Zzq4c4w+XQRFz4qJkap/DFElV2XK+ADbWZzhDNfno9BrLowQHbWb3itifDw3QZTB0FVOxNmt/vaiKa+g==][LiUMM76vvIS85Gdag+r1MNw16jGlJePd5mLGW6rdBS+RfxLroVvUJP9XfUTcwwUHGVWiiLvT24a+863mlgpIpQ==][U6tVaL3pMAe8YkLq+JomgyaxB7qb74cDgfkR9cdzmEQkvlHk7EG2oOlcAqZSMnGciJmR2+sUkB4QI6u700S6hQ==][97O5UeHH0yU44V9j9S9XRW2gLlU54/dGAdXHoGfSXaqgozNtn8i+FB6KWqP+uXwBbRInOX7qt6b9Y994lyGgog==][PKXqMrcV0WsFE+HC/qQoHFIKfMCwUq56hW7qnixPAzRrz+6FH8UutAPHpsBNbP4qyR0oOnz/AnKn3RuXDME83w==]}
{"logTime": "0714/121155", "correlationVector":"m6AUZxb5uxiR1f2CqtvVsb.4","action":"EncryptionKeysManager::SetEncryptionKeysWithTimestamps:", "result":"Success", "context":Key timestamps[7]:[2022-02-11T01:41:43Z][2022-08-12T01:57:04Z][2023-02-08T11:44:38Z][2023-08-08T00:59:14Z][2024-02-04T01:56:05Z][2024-08-02T02:56:24Z][2025-02-13T05:41:07Z]}
{"logTime": "0714/121205", "correlationVector":"+8JLKMIf7IljSGoKmW1fi5","action":"SyncServerConnectionManagerRequest", "result":"CONNECTION_UNAVAILABLE", "context":{"error_type":"net_error_code", "error_value":"-100"}}
{"logTime": "0714/121218", "correlationVector":"DBTKr2pqtJ4vnJLfmV4Q4q","action":"SyncServerConnectionManagerRequest", "result":"CONNECTION_UNAVAILABLE", "context":{"error_type":"net_error_code", "error_value":"-100"}}
{"logTime": "0714/121232", "correlationVector":"D+bjVGFmJZkH7AEkBcdRcn","action":"SyncServerConnectionManagerRequest", "result":"CONNECTION_UNAVAILABLE", "context":{"error_type":"net_error_code", "error_value":"-3"}}
{"logTime": "0714/121914", "correlationVector":"dF3zY9S8itNwXZ39HjUpOt","action":"SyncServerConnectionManagerRequest", "result":"CONNECTION_UNAVAILABLE", "context":{"error_type":"net_error_code", "error_value":"-100"}}
{"logTime": "0714/121915", "correlationVector":"iJRCTXvhGhR2wsI0SrKO/W.1","action":"SyncServerConnectionManagerRequest", "result":"SYNC_SERVER_OK", "context":{"environment":"", "migrationStage":"", "server":""}}
{"logTime": "0714/121915", "correlationVector":"iJRCTXvhGhR2wsI0SrKO/W.2","action":"EncryptionKeysFetcher.DownloadKeys:", "result":"Success", "context":Key count: 7, Last key timestamp: 2025-02-13T05:41:07Z}
{"logTime": "0714/121915", "correlationVector":"iJRCTXvhGhR2wsI0SrKO/W.3","action":"EncryptionKeysManager::SetEncryptionKeys:", "result":"Success", "context":Key names[7]:[S0LU+tS5wpanc1gsxTL1vNVBts2gHi2GwdcZIUIcpk22Mnn9z5Tr0xQZDOXDQQyXkrXZCFqL82axN2HaxmGYgg==][3Sv05JLDEvg38ZTytD/empbR9tprn/1C+rYIXhyGK7KObniVwBI464E4wCflVnXTCzk2Nktpj71sZChboNe2Og==][7VL7U4Zzq4c4w+XQRFz4qJkap/DFElV2XK+ADbWZzhDNfno9BrLowQHbWb3itifDw3QZTB0FVOxNmt/vaiKa+g==][LiUMM76vvIS85Gdag+r1MNw16jGlJePd5mLGW6rdBS+RfxLroVvUJP9XfUTcwwUHGVWiiLvT24a+863mlgpIpQ==][U6tVaL3pMAe8YkLq+JomgyaxB7qb74cDgfkR9cdzmEQkvlHk7EG2oOlcAqZSMnGciJmR2+sUkB4QI6u700S6hQ==][97O5UeHH0yU44V9j9S9XRW2gLlU54/dGAdXHoGfSXaqgozNtn8i+FB6KWqP+uXwBbRInOX7qt6b9Y994lyGgog==][PKXqMrcV0WsFE+HC/qQoHFIKfMCwUq56hW7qnixPAzRrz+6FH8UutAPHpsBNbP4qyR0oOnz/AnKn3RuXDME83w==]}
{"logTime": "0714/121915", "correlationVector":"iJRCTXvhGhR2wsI0SrKO/W.4","action":"EncryptionKeysManager::SetEncryptionKeysWithTimestamps:", "result":"Success", "context":Key timestamps[7]:[2022-02-11T01:41:43Z][2022-08-12T01:57:04Z][2023-02-08T11:44:38Z][2023-08-08T00:59:14Z][2024-02-04T01:56:05Z][2024-08-02T02:56:24Z][2025-02-13T05:41:07Z]}
{"logTime": "0714/121926", "correlationVector":"17xsC3Vfg+ci1ZQcQfUGcb","action":"SyncServerConnectionManagerRequest", "result":"CONNECTION_UNAVAILABLE", "context":{"error_type":"net_error_code", "error_value":"-100"}}
{"logTime": "0714/121938", "correlationVector":"lGCuZB2ucFqUVi9BPw12am","action":"SyncServerConnectionManagerRequest", "result":"CONNECTION_UNAVAILABLE", "context":{"error_type":"net_error_code", "error_value":"-100"}}
{"logTime": "0714/122009", "correlationVector":"+7eexJMYltU9Vytje26cLB","action":"SyncServerConnectionManagerRequest", "result":"CONNECTION_UNAVAILABLE", "context":{"error_type":"net_error_code", "error_value":"-3"}}
{"logTime": "0714/122231", "correlationVector":"2ke1TU/9ZQmoMkBUF+nvFM","action":"SyncServerConnectionManagerRequest", "result":"CONNECTION_UNAVAILABLE", "context":{"error_type":"net_error_code", "error_value":"-100"}}
{"logTime": "0714/122232", "correlationVector":"wCwCtfz+Ub2FVu1D6hR3US.1","action":"SyncServerConnectionManagerRequest", "result":"SYNC_SERVER_OK", "context":{"environment":"", "migrationStage":"", "server":""}}
{"logTime": "0714/122232", "correlationVector":"wCwCtfz+Ub2FVu1D6hR3US.2","action":"EncryptionKeysFetcher.DownloadKeys:", "result":"Success", "context":Key count: 7, Last key timestamp: 2025-02-13T05:41:07Z}
{"logTime": "0714/122232", "correlationVector":"wCwCtfz+Ub2FVu1D6hR3US.3","action":"EncryptionKeysManager::SetEncryptionKeys:", "result":"Success", "context":Key names[7]:[S0LU+tS5wpanc1gsxTL1vNVBts2gHi2GwdcZIUIcpk22Mnn9z5Tr0xQZDOXDQQyXkrXZCFqL82axN2HaxmGYgg==][3Sv05JLDEvg38ZTytD/empbR9tprn/1C+rYIXhyGK7KObniVwBI464E4wCflVnXTCzk2Nktpj71sZChboNe2Og==][7VL7U4Zzq4c4w+XQRFz4qJkap/DFElV2XK+ADbWZzhDNfno9BrLowQHbWb3itifDw3QZTB0FVOxNmt/vaiKa+g==][LiUMM76vvIS85Gdag+r1MNw16jGlJePd5mLGW6rdBS+RfxLroVvUJP9XfUTcwwUHGVWiiLvT24a+863mlgpIpQ==][U6tVaL3pMAe8YkLq+JomgyaxB7qb74cDgfkR9cdzmEQkvlHk7EG2oOlcAqZSMnGciJmR2+sUkB4QI6u700S6hQ==][97O5UeHH0yU44V9j9S9XRW2gLlU54/dGAdXHoGfSXaqgozNtn8i+FB6KWqP+uXwBbRInOX7qt6b9Y994lyGgog==][PKXqMrcV0WsFE+HC/qQoHFIKfMCwUq56hW7qnixPAzRrz+6FH8UutAPHpsBNbP4qyR0oOnz/AnKn3RuXDME83w==]}
{"logTime": "0714/122232", "correlationVector":"wCwCtfz+Ub2FVu1D6hR3US.4","action":"EncryptionKeysManager::SetEncryptionKeysWithTimestamps:", "result":"Success", "context":Key timestamps[7]:[2022-02-11T01:41:43Z][2022-08-12T01:57:04Z][2023-02-08T11:44:38Z][2023-08-08T00:59:14Z][2024-02-04T01:56:05Z][2024-08-02T02:56:24Z][2025-02-13T05:41:07Z]}
{"logTime": "0714/122242", "correlationVector":"N/WM2dEZSAKzVXSHq5RaJN","action":"SyncServerConnectionManagerRequest", "result":"CONNECTION_UNAVAILABLE", "context":{"error_type":"net_error_code", "error_value":"-100"}}
{"logTime": "0714/122255", "correlationVector":"t5IfzE3SyGIjrPHKCJXxUx","action":"SyncServerConnectionManagerRequest", "result":"CONNECTION_UNAVAILABLE", "context":{"error_type":"net_error_code", "error_value":"-100"}}
{"logTime": "0714/122310", "correlationVector":"+0ti4SIp0ns+Wm8FzL0WqW","action":"SyncServerConnectionManagerRequest", "result":"CONNECTION_UNAVAILABLE", "context":{"error_type":"net_error_code", "error_value":"-100"}}
{"logTime": "0714/122329", "correlationVector":"y03JxLDFAo9+TdW6CZsDq7","action":"SyncServerConnectionManagerRequest", "result":"CONNECTION_UNAVAILABLE", "context":{"error_type":"net_error_code", "error_value":"-100"}}
{"logTime": "0714/122350", "correlationVector":"N2QFiR8gGGpyH490O5Ywar","action":"SyncServerConnectionManagerRequest", "result":"CONNECTION_UNAVAILABLE", "context":{"error_type":"net_error_code", "error_value":"-3"}}
{"logTime": "0714/122631", "correlationVector":"jUawYZkP2TMnuVL17wIFXr","action":"SyncServerConnectionManagerRequest", "result":"CONNECTION_UNAVAILABLE", "context":{"error_type":"net_error_code", "error_value":"-100"}}
{"logTime": "0714/122632", "correlationVector":"XXb4zUZZS7qUqXAq8u8TGo.1","action":"SyncServerConnectionManagerRequest", "result":"SYNC_SERVER_OK", "context":{"environment":"", "migrationStage":"", "server":""}}
{"logTime": "0714/122632", "correlationVector":"XXb4zUZZS7qUqXAq8u8TGo.2","action":"EncryptionKeysFetcher.DownloadKeys:", "result":"Success", "context":Key count: 7, Last key timestamp: 2025-02-13T05:41:07Z}
{"logTime": "0714/122632", "correlationVector":"XXb4zUZZS7qUqXAq8u8TGo.3","action":"EncryptionKeysManager::SetEncryptionKeys:", "result":"Success", "context":Key names[7]:[S0LU+tS5wpanc1gsxTL1vNVBts2gHi2GwdcZIUIcpk22Mnn9z5Tr0xQZDOXDQQyXkrXZCFqL82axN2HaxmGYgg==][3Sv05JLDEvg38ZTytD/empbR9tprn/1C+rYIXhyGK7KObniVwBI464E4wCflVnXTCzk2Nktpj71sZChboNe2Og==][7VL7U4Zzq4c4w+XQRFz4qJkap/DFElV2XK+ADbWZzhDNfno9BrLowQHbWb3itifDw3QZTB0FVOxNmt/vaiKa+g==][LiUMM76vvIS85Gdag+r1MNw16jGlJePd5mLGW6rdBS+RfxLroVvUJP9XfUTcwwUHGVWiiLvT24a+863mlgpIpQ==][U6tVaL3pMAe8YkLq+JomgyaxB7qb74cDgfkR9cdzmEQkvlHk7EG2oOlcAqZSMnGciJmR2+sUkB4QI6u700S6hQ==][97O5UeHH0yU44V9j9S9XRW2gLlU54/dGAdXHoGfSXaqgozNtn8i+FB6KWqP+uXwBbRInOX7qt6b9Y994lyGgog==][PKXqMrcV0WsFE+HC/qQoHFIKfMCwUq56hW7qnixPAzRrz+6FH8UutAPHpsBNbP4qyR0oOnz/AnKn3RuXDME83w==]}
{"logTime": "0714/122632", "correlationVector":"XXb4zUZZS7qUqXAq8u8TGo.4","action":"EncryptionKeysManager::SetEncryptionKeysWithTimestamps:", "result":"Success", "context":Key timestamps[7]:[2022-02-11T01:41:43Z][2022-08-12T01:57:04Z][2023-02-08T11:44:38Z][2023-08-08T00:59:14Z][2024-02-04T01:56:05Z][2024-08-02T02:56:24Z][2025-02-13T05:41:07Z]}
{"logTime": "0714/122644", "correlationVector":"Vfwkid/ut86tPeEk8E+ADd","action":"SyncServerConnectionManagerRequest", "result":"CONNECTION_UNAVAILABLE", "context":{"error_type":"net_error_code", "error_value":"-100"}}
{"logTime": "0714/122700", "correlationVector":"iF0EB58vtKoZOAJZa4ceMb","action":"SyncServerConnectionManagerRequest", "result":"CONNECTION_UNAVAILABLE", "context":{"error_type":"net_error_code", "error_value":"-100"}}
{"logTime": "0714/122910", "correlationVector":"AwiFxkvYIvZtCARRBEgUTw","action":"SyncServerConnectionManagerRequest", "result":"CONNECTION_UNAVAILABLE", "context":{"error_type":"net_error_code", "error_value":"-100"}}
{"logTime": "0714/122911", "correlationVector":"2KBsWINe9zeO18zXRoNuWd.1","action":"SyncServerConnectionManagerRequest", "result":"SYNC_SERVER_OK", "context":{"environment":"", "migrationStage":"", "server":""}}
{"logTime": "0714/122911", "correlationVector":"2KBsWINe9zeO18zXRoNuWd.2","action":"EncryptionKeysFetcher.DownloadKeys:", "result":"Success", "context":Key count: 7, Last key timestamp: 2025-02-13T05:41:07Z}
{"logTime": "0714/122911", "correlationVector":"2KBsWINe9zeO18zXRoNuWd.3","action":"EncryptionKeysManager::SetEncryptionKeys:", "result":"Success", "context":Key names[7]:[S0LU+tS5wpanc1gsxTL1vNVBts2gHi2GwdcZIUIcpk22Mnn9z5Tr0xQZDOXDQQyXkrXZCFqL82axN2HaxmGYgg==][3Sv05JLDEvg38ZTytD/empbR9tprn/1C+rYIXhyGK7KObniVwBI464E4wCflVnXTCzk2Nktpj71sZChboNe2Og==][7VL7U4Zzq4c4w+XQRFz4qJkap/DFElV2XK+ADbWZzhDNfno9BrLowQHbWb3itifDw3QZTB0FVOxNmt/vaiKa+g==][LiUMM76vvIS85Gdag+r1MNw16jGlJePd5mLGW6rdBS+RfxLroVvUJP9XfUTcwwUHGVWiiLvT24a+863mlgpIpQ==][U6tVaL3pMAe8YkLq+JomgyaxB7qb74cDgfkR9cdzmEQkvlHk7EG2oOlcAqZSMnGciJmR2+sUkB4QI6u700S6hQ==][97O5UeHH0yU44V9j9S9XRW2gLlU54/dGAdXHoGfSXaqgozNtn8i+FB6KWqP+uXwBbRInOX7qt6b9Y994lyGgog==][PKXqMrcV0WsFE+HC/qQoHFIKfMCwUq56hW7qnixPAzRrz+6FH8UutAPHpsBNbP4qyR0oOnz/AnKn3RuXDME83w==]}
{"logTime": "0714/122911", "correlationVector":"2KBsWINe9zeO18zXRoNuWd.4","action":"EncryptionKeysManager::SetEncryptionKeysWithTimestamps:", "result":"Success", "context":Key timestamps[7]:[2022-02-11T01:41:43Z][2022-08-12T01:57:04Z][2023-02-08T11:44:38Z][2023-08-08T00:59:14Z][2024-02-04T01:56:05Z][2024-08-02T02:56:24Z][2025-02-13T05:41:07Z]}
{"logTime": "0714/122922", "correlationVector":"lyfNAjYn/529k/tuea8iWS","action":"SyncServerConnectionManagerRequest", "result":"CONNECTION_UNAVAILABLE", "context":{"error_type":"net_error_code", "error_value":"-100"}}
{"logTime": "0714/122934", "correlationVector":"+JBNojjawkTe2W7LBPYJDS","action":"SyncServerConnectionManagerRequest", "result":"CONNECTION_UNAVAILABLE", "context":{"error_type":"net_error_code", "error_value":"-100"}}
{"logTime": "0714/122947", "correlationVector":"GunwHIRqtu1i1KfWEQ+5xU","action":"SyncServerConnectionManagerRequest", "result":"CONNECTION_UNAVAILABLE", "context":{"error_type":"net_error_code", "error_value":"-100"}}
{"logTime": "0714/123002", "correlationVector":"sGAlWNSYfKVWyDJoOBWtUP","action":"SyncServerConnectionManagerRequest", "result":"CONNECTION_UNAVAILABLE", "context":{"error_type":"net_error_code", "error_value":"-100"}}
{"logTime": "0714/123150", "correlationVector":"fWmnufhX+6A6WXIT0XoZMt","action":"SyncServerConnectionManagerRequest", "result":"CONNECTION_UNAVAILABLE", "context":{"error_type":"net_error_code", "error_value":"-100"}}
{"logTime": "0714/123151", "correlationVector":"iaILFY/98meiAFhq4Uv4oo.1","action":"SyncServerConnectionManagerRequest", "result":"SYNC_SERVER_OK", "context":{"environment":"", "migrationStage":"", "server":""}}
{"logTime": "0714/123151", "correlationVector":"iaILFY/98meiAFhq4Uv4oo.2","action":"EncryptionKeysFetcher.DownloadKeys:", "result":"Success", "context":Key count: 7, Last key timestamp: 2025-02-13T05:41:07Z}
{"logTime": "0714/123151", "correlationVector":"iaILFY/98meiAFhq4Uv4oo.3","action":"EncryptionKeysManager::SetEncryptionKeys:", "result":"Success", "context":Key names[7]:[S0LU+tS5wpanc1gsxTL1vNVBts2gHi2GwdcZIUIcpk22Mnn9z5Tr0xQZDOXDQQyXkrXZCFqL82axN2HaxmGYgg==][3Sv05JLDEvg38ZTytD/empbR9tprn/1C+rYIXhyGK7KObniVwBI464E4wCflVnXTCzk2Nktpj71sZChboNe2Og==][7VL7U4Zzq4c4w+XQRFz4qJkap/DFElV2XK+ADbWZzhDNfno9BrLowQHbWb3itifDw3QZTB0FVOxNmt/vaiKa+g==][LiUMM76vvIS85Gdag+r1MNw16jGlJePd5mLGW6rdBS+RfxLroVvUJP9XfUTcwwUHGVWiiLvT24a+863mlgpIpQ==][U6tVaL3pMAe8YkLq+JomgyaxB7qb74cDgfkR9cdzmEQkvlHk7EG2oOlcAqZSMnGciJmR2+sUkB4QI6u700S6hQ==][97O5UeHH0yU44V9j9S9XRW2gLlU54/dGAdXHoGfSXaqgozNtn8i+FB6KWqP+uXwBbRInOX7qt6b9Y994lyGgog==][PKXqMrcV0WsFE+HC/qQoHFIKfMCwUq56hW7qnixPAzRrz+6FH8UutAPHpsBNbP4qyR0oOnz/AnKn3RuXDME83w==]}
{"logTime": "0714/123151", "correlationVector":"iaILFY/98meiAFhq4Uv4oo.4","action":"EncryptionKeysManager::SetEncryptionKeysWithTimestamps:", "result":"Success", "context":Key timestamps[7]:[2022-02-11T01:41:43Z][2022-08-12T01:57:04Z][2023-02-08T11:44:38Z][2023-08-08T00:59:14Z][2024-02-04T01:56:05Z][2024-08-02T02:56:24Z][2025-02-13T05:41:07Z]}
{"logTime": "0714/123202", "correlationVector":"kDmdq7BZTYoMkdvjL2wsTw","action":"SyncServerConnectionManagerRequest", "result":"CONNECTION_UNAVAILABLE", "context":{"error_type":"net_error_code", "error_value":"-100"}}
{"logTime": "0714/123218", "correlationVector":"Cf9wbioQt+pu8RZPhGLxOK","action":"SyncServerConnectionManagerRequest", "result":"CONNECTION_UNAVAILABLE", "context":{"error_type":"net_error_code", "error_value":"-100"}}
{"logTime": "0714/123238", "correlationVector":"k4Ux3+Iwruo1wWS1YLNR3e","action":"SyncServerConnectionManagerRequest", "result":"CONNECTION_UNAVAILABLE", "context":{"error_type":"net_error_code", "error_value":"-100"}}
{"logTime": "0714/123311", "correlationVector":"/ObPPyhX0AkJr+C5ng+Kn1","action":"SyncServerConnectionManagerRequest", "result":"CONNECTION_UNAVAILABLE", "context":{"error_type":"net_error_code", "error_value":"-100"}}
{"logTime": "0714/123356", "correlationVector":"G0bpbv7jAEVKSN5oEEqrGd","action":"SyncServerConnectionManagerRequest", "result":"CONNECTION_UNAVAILABLE", "context":{"error_type":"net_error_code", "error_value":"-100"}}
{"logTime": "0714/123459", "correlationVector":"K1glUKCqx5yh4OqpYkl0qD","action":"SyncServerConnectionManagerRequest", "result":"CONNECTION_UNAVAILABLE", "context":{"error_type":"net_error_code", "error_value":"-100"}}
{"logTime": "0714/123700", "correlationVector":"RTvjPXSUfi04xcm4hY9cPW","action":"SyncServerConnectionManagerRequest", "result":"CONNECTION_UNAVAILABLE", "context":{"error_type":"net_error_code", "error_value":"-100"}}
{"logTime": "0714/123701", "correlationVector":"sP5wNM7pkOAbHpYsGoSEfe.1","action":"SyncServerConnectionManagerRequest", "result":"SYNC_SERVER_OK", "context":{"environment":"", "migrationStage":"", "server":""}}
{"logTime": "0714/123701", "correlationVector":"sP5wNM7pkOAbHpYsGoSEfe.2","action":"EncryptionKeysFetcher.DownloadKeys:", "result":"Success", "context":Key count: 7, Last key timestamp: 2025-02-13T05:41:07Z}
{"logTime": "0714/123701", "correlationVector":"sP5wNM7pkOAbHpYsGoSEfe.3","action":"EncryptionKeysManager::SetEncryptionKeys:", "result":"Success", "context":Key names[7]:[S0LU+tS5wpanc1gsxTL1vNVBts2gHi2GwdcZIUIcpk22Mnn9z5Tr0xQZDOXDQQyXkrXZCFqL82axN2HaxmGYgg==][3Sv05JLDEvg38ZTytD/empbR9tprn/1C+rYIXhyGK7KObniVwBI464E4wCflVnXTCzk2Nktpj71sZChboNe2Og==][7VL7U4Zzq4c4w+XQRFz4qJkap/DFElV2XK+ADbWZzhDNfno9BrLowQHbWb3itifDw3QZTB0FVOxNmt/vaiKa+g==][LiUMM76vvIS85Gdag+r1MNw16jGlJePd5mLGW6rdBS+RfxLroVvUJP9XfUTcwwUHGVWiiLvT24a+863mlgpIpQ==][U6tVaL3pMAe8YkLq+JomgyaxB7qb74cDgfkR9cdzmEQkvlHk7EG2oOlcAqZSMnGciJmR2+sUkB4QI6u700S6hQ==][97O5UeHH0yU44V9j9S9XRW2gLlU54/dGAdXHoGfSXaqgozNtn8i+FB6KWqP+uXwBbRInOX7qt6b9Y994lyGgog==][PKXqMrcV0WsFE+HC/qQoHFIKfMCwUq56hW7qnixPAzRrz+6FH8UutAPHpsBNbP4qyR0oOnz/AnKn3RuXDME83w==]}
{"logTime": "0714/123701", "correlationVector":"sP5wNM7pkOAbHpYsGoSEfe.4","action":"EncryptionKeysManager::SetEncryptionKeysWithTimestamps:", "result":"Success", "context":Key timestamps[7]:[2022-02-11T01:41:43Z][2022-08-12T01:57:04Z][2023-02-08T11:44:38Z][2023-08-08T00:59:14Z][2024-02-04T01:56:05Z][2024-08-02T02:56:24Z][2025-02-13T05:41:07Z]}
{"logTime": "0714/123713", "correlationVector":"wekuGkNdXlmm+xQ4R5fwQ4","action":"SyncServerConnectionManagerRequest", "result":"CONNECTION_UNAVAILABLE", "context":{"error_type":"net_error_code", "error_value":"-100"}}
{"logTime": "0714/123729", "correlationVector":"a2W+EcSLLUo091n2NZaKvJ","action":"SyncServerConnectionManagerRequest", "result":"CONNECTION_UNAVAILABLE", "context":{"error_type":"net_error_code", "error_value":"-100"}}
{"logTime": "0714/123748", "correlationVector":"3adBqqlho3dpvzX4vjJInf","action":"SyncServerConnectionManagerRequest", "result":"CONNECTION_UNAVAILABLE", "context":{"error_type":"net_error_code", "error_value":"-100"}}
{"logTime": "0714/123812", "correlationVector":"ZGndcCebQI2AUj8AAE1Tec","action":"SyncServerConnectionManagerRequest", "result":"CONNECTION_UNAVAILABLE", "context":{"error_type":"net_error_code", "error_value":"-100"}}
{"logTime": "0714/123844", "correlationVector":"KZyFcqnHrMFwD5KXa2+/pX","action":"SyncServerConnectionManagerRequest", "result":"CONNECTION_UNAVAILABLE", "context":{"error_type":"net_error_code", "error_value":"-100"}}
{"logTime": "0714/123946", "correlationVector":"TgMvlacTrJB9IUXtrcn0xn","action":"SyncServerConnectionManagerRequest", "result":"CONNECTION_UNAVAILABLE", "context":{"error_type":"net_error_code", "error_value":"-100"}}
{"logTime": "0714/124115", "correlationVector":"2M97iUPhcEKLq8eOb/Xmbs","action":"SyncServerConnectionManagerRequest", "result":"CONNECTION_UNAVAILABLE", "context":{"error_type":"net_error_code", "error_value":"-100"}}
{"logTime": "0714/124443", "correlationVector":"A/LypjmfZ64bEL/syrhaja","action":"SyncServerConnectionManagerRequest", "result":"CONNECTION_UNAVAILABLE", "context":{"error_type":"net_error_code", "error_value":"-100"}}
{"logTime": "0714/124939", "correlationVector":"zhwCXlNNWsf8m1XbzOq3l2","action":"SyncServerConnectionManagerRequest", "result":"CONNECTION_UNAVAILABLE", "context":{"error_type":"net_error_code", "error_value":"-3"}}
{"logTime": "0714/125021", "correlationVector":"6XPp7BLzmRmJe+c1Rj11cP","action":"SyncServerConnectionManagerRequest", "result":"CONNECTION_UNAVAILABLE", "context":{"error_type":"net_error_code", "error_value":"-100"}}
{"logTime": "0714/125022", "correlationVector":"tY13vWV2Qn7xkJY+7NkNca.1","action":"SyncServerConnectionManagerRequest", "result":"SYNC_SERVER_OK", "context":{"environment":"", "migrationStage":"", "server":""}}
{"logTime": "0714/125022", "correlationVector":"tY13vWV2Qn7xkJY+7NkNca.2","action":"EncryptionKeysFetcher.DownloadKeys:", "result":"Success", "context":Key count: 7, Last key timestamp: 2025-02-13T05:41:07Z}
{"logTime": "0714/125022", "correlationVector":"tY13vWV2Qn7xkJY+7NkNca.3","action":"EncryptionKeysManager::SetEncryptionKeys:", "result":"Success", "context":Key names[7]:[S0LU+tS5wpanc1gsxTL1vNVBts2gHi2GwdcZIUIcpk22Mnn9z5Tr0xQZDOXDQQyXkrXZCFqL82axN2HaxmGYgg==][3Sv05JLDEvg38ZTytD/empbR9tprn/1C+rYIXhyGK7KObniVwBI464E4wCflVnXTCzk2Nktpj71sZChboNe2Og==][7VL7U4Zzq4c4w+XQRFz4qJkap/DFElV2XK+ADbWZzhDNfno9BrLowQHbWb3itifDw3QZTB0FVOxNmt/vaiKa+g==][LiUMM76vvIS85Gdag+r1MNw16jGlJePd5mLGW6rdBS+RfxLroVvUJP9XfUTcwwUHGVWiiLvT24a+863mlgpIpQ==][U6tVaL3pMAe8YkLq+JomgyaxB7qb74cDgfkR9cdzmEQkvlHk7EG2oOlcAqZSMnGciJmR2+sUkB4QI6u700S6hQ==][97O5UeHH0yU44V9j9S9XRW2gLlU54/dGAdXHoGfSXaqgozNtn8i+FB6KWqP+uXwBbRInOX7qt6b9Y994lyGgog==][PKXqMrcV0WsFE+HC/qQoHFIKfMCwUq56hW7qnixPAzRrz+6FH8UutAPHpsBNbP4qyR0oOnz/AnKn3RuXDME83w==]}
{"logTime": "0714/125022", "correlationVector":"tY13vWV2Qn7xkJY+7NkNca.4","action":"EncryptionKeysManager::SetEncryptionKeysWithTimestamps:", "result":"Success", "context":Key timestamps[7]:[2022-02-11T01:41:43Z][2022-08-12T01:57:04Z][2023-02-08T11:44:38Z][2023-08-08T00:59:14Z][2024-02-04T01:56:05Z][2024-08-02T02:56:24Z][2025-02-13T05:41:07Z]}
{"logTime": "0714/125033", "correlationVector":"dybBGTQiB1xCq/U3xHG85u","action":"SyncServerConnectionManagerRequest", "result":"CONNECTION_UNAVAILABLE", "context":{"error_type":"net_error_code", "error_value":"-100"}}
{"logTime": "0714/125047", "correlationVector":"bj+e8QVEJENoVecIccptVn","action":"SyncServerConnectionManagerRequest", "result":"CONNECTION_UNAVAILABLE", "context":{"error_type":"net_error_code", "error_value":"-100"}}
{"logTime": "0714/125106", "correlationVector":"KxpqR7eCXzqPGuZurwyRQs","action":"SyncServerConnectionManagerRequest", "result":"CONNECTION_UNAVAILABLE", "context":{"error_type":"net_error_code", "error_value":"-100"}}
{"logTime": "0714/125140", "correlationVector":"rj7zDq7e7J/jyj+N2VuxIA","action":"SyncServerConnectionManagerRequest", "result":"CONNECTION_UNAVAILABLE", "context":{"error_type":"net_error_code", "error_value":"-100"}}
{"logTime": "0714/125225", "correlationVector":"UYh6l5UX7hySKW8dzlGwON","action":"SyncServerConnectionManagerRequest", "result":"CONNECTION_UNAVAILABLE", "context":{"error_type":"net_error_code", "error_value":"-100"}}
{"logTime": "0714/125327", "correlationVector":"DMTMpsuqbycVRbd08LAKKy","action":"SyncServerConnectionManagerRequest", "result":"CONNECTION_UNAVAILABLE", "context":{"error_type":"net_error_code", "error_value":"-100"}}
{"logTime": "0714/125457", "correlationVector":"xbTiNJOYKdGLqkYb+DySF1","action":"SyncServerConnectionManagerRequest", "result":"CONNECTION_UNAVAILABLE", "context":{"error_type":"net_error_code", "error_value":"-100"}}
{"logTime": "0715/025431", "correlationVector":"kIk69TvVmFeeG0k3uNIcAI","action":"SyncServerConnectionManagerRequest", "result":"CONNECTION_UNAVAILABLE", "context":{"error_type":"net_error_code", "error_value":"-100"}}
{"logTime": "0715/025434", "correlationVector":"9rHcZ2ByDBNPW+0bkCp3zt.1","action":"SyncServerConnectionManagerRequest", "result":"SYNC_SERVER_OK", "context":{"environment":"", "migrationStage":"", "server":""}}
{"logTime": "0715/025434", "correlationVector":"9rHcZ2ByDBNPW+0bkCp3zt.2","action":"EncryptionKeysFetcher.DownloadKeys:", "result":"Success", "context":Key count: 7, Last key timestamp: 2025-02-13T05:41:07Z}
{"logTime": "0715/025434", "correlationVector":"9rHcZ2ByDBNPW+0bkCp3zt.3","action":"EncryptionKeysManager::SetEncryptionKeys:", "result":"Success", "context":Key names[7]:[S0LU+tS5wpanc1gsxTL1vNVBts2gHi2GwdcZIUIcpk22Mnn9z5Tr0xQZDOXDQQyXkrXZCFqL82axN2HaxmGYgg==][3Sv05JLDEvg38ZTytD/empbR9tprn/1C+rYIXhyGK7KObniVwBI464E4wCflVnXTCzk2Nktpj71sZChboNe2Og==][7VL7U4Zzq4c4w+XQRFz4qJkap/DFElV2XK+ADbWZzhDNfno9BrLowQHbWb3itifDw3QZTB0FVOxNmt/vaiKa+g==][LiUMM76vvIS85Gdag+r1MNw16jGlJePd5mLGW6rdBS+RfxLroVvUJP9XfUTcwwUHGVWiiLvT24a+863mlgpIpQ==][U6tVaL3pMAe8YkLq+JomgyaxB7qb74cDgfkR9cdzmEQkvlHk7EG2oOlcAqZSMnGciJmR2+sUkB4QI6u700S6hQ==][97O5UeHH0yU44V9j9S9XRW2gLlU54/dGAdXHoGfSXaqgozNtn8i+FB6KWqP+uXwBbRInOX7qt6b9Y994lyGgog==][PKXqMrcV0WsFE+HC/qQoHFIKfMCwUq56hW7qnixPAzRrz+6FH8UutAPHpsBNbP4qyR0oOnz/AnKn3RuXDME83w==]}
{"logTime": "0715/025434", "correlationVector":"9rHcZ2ByDBNPW+0bkCp3zt.4","action":"EncryptionKeysManager::SetEncryptionKeysWithTimestamps:", "result":"Success", "context":Key timestamps[7]:[2022-02-11T01:41:43Z][2022-08-12T01:57:04Z][2023-02-08T11:44:38Z][2023-08-08T00:59:14Z][2024-02-04T01:56:05Z][2024-08-02T02:56:24Z][2025-02-13T05:41:07Z]}
{"logTime": "0715/025444", "correlationVector":"x5CqTzM4zB+VJzTckPHtdS","action":"SyncServerConnectionManagerRequest", "result":"CONNECTION_UNAVAILABLE", "context":{"error_type":"net_error_code", "error_value":"-100"}}
{"logTime": "0715/025456", "correlationVector":"kWBMJQB7905VqsjL1m1Fv6","action":"SyncServerConnectionManagerRequest", "result":"CONNECTION_UNAVAILABLE", "context":{"error_type":"net_error_code", "error_value":"-100"}}
{"logTime": "0715/025510", "correlationVector":"LrIFhRMfi845OsJ+QQFUmi","action":"SyncServerConnectionManagerRequest", "result":"CONNECTION_UNAVAILABLE", "context":{"error_type":"net_error_code", "error_value":"-100"}}
{"logTime": "0715/025525", "correlationVector":"mzAi0QZGyuCcDtixPq7AqT","action":"SyncServerConnectionManagerRequest", "result":"CONNECTION_UNAVAILABLE", "context":{"error_type":"net_error_code", "error_value":"-100"}}
{"logTime": "0715/025542", "correlationVector":"6ZPXeZ0SJJMXBwB0TpcPrD","action":"SyncServerConnectionManagerRequest", "result":"CONNECTION_UNAVAILABLE", "context":{"error_type":"net_error_code", "error_value":"-100"}}
{"logTime": "0715/025604", "correlationVector":"j6nrfOtnOSqs1Q7zDYULvB","action":"SyncServerConnectionManagerRequest", "result":"CONNECTION_UNAVAILABLE", "context":{"error_type":"net_error_code", "error_value":"-100"}}
{"logTime": "0715/025642", "correlationVector":"/R/nSJeYED/vRy1xUlJuL/","action":"SyncServerConnectionManagerRequest", "result":"CONNECTION_UNAVAILABLE", "context":{"error_type":"net_error_code", "error_value":"-100"}}
{"logTime": "0715/030442", "correlationVector":"9njRLFfjo9Ag2Cs1QCK9my","action":"SyncServerConnectionManagerRequest", "result":"CONNECTION_UNAVAILABLE", "context":{"error_type":"net_error_code", "error_value":"-100"}}
{"logTime": "0715/030442", "correlationVector":"iyCrfl/vTt5TU8l2G75tYT.1","action":"SyncServerConnectionManagerRequest", "result":"SYNC_SERVER_OK", "context":{"environment":"", "migrationStage":"", "server":""}}
{"logTime": "0715/030442", "correlationVector":"iyCrfl/vTt5TU8l2G75tYT.2","action":"EncryptionKeysFetcher.DownloadKeys:", "result":"Success", "context":Key count: 7, Last key timestamp: 2025-02-13T05:41:07Z}
{"logTime": "0715/030442", "correlationVector":"iyCrfl/vTt5TU8l2G75tYT.3","action":"EncryptionKeysManager::SetEncryptionKeys:", "result":"Success", "context":Key names[7]:[S0LU+tS5wpanc1gsxTL1vNVBts2gHi2GwdcZIUIcpk22Mnn9z5Tr0xQZDOXDQQyXkrXZCFqL82axN2HaxmGYgg==][3Sv05JLDEvg38ZTytD/empbR9tprn/1C+rYIXhyGK7KObniVwBI464E4wCflVnXTCzk2Nktpj71sZChboNe2Og==][7VL7U4Zzq4c4w+XQRFz4qJkap/DFElV2XK+ADbWZzhDNfno9BrLowQHbWb3itifDw3QZTB0FVOxNmt/vaiKa+g==][LiUMM76vvIS85Gdag+r1MNw16jGlJePd5mLGW6rdBS+RfxLroVvUJP9XfUTcwwUHGVWiiLvT24a+863mlgpIpQ==][U6tVaL3pMAe8YkLq+JomgyaxB7qb74cDgfkR9cdzmEQkvlHk7EG2oOlcAqZSMnGciJmR2+sUkB4QI6u700S6hQ==][97O5UeHH0yU44V9j9S9XRW2gLlU54/dGAdXHoGfSXaqgozNtn8i+FB6KWqP+uXwBbRInOX7qt6b9Y994lyGgog==][PKXqMrcV0WsFE+HC/qQoHFIKfMCwUq56hW7qnixPAzRrz+6FH8UutAPHpsBNbP4qyR0oOnz/AnKn3RuXDME83w==]}
{"logTime": "0715/030442", "correlationVector":"iyCrfl/vTt5TU8l2G75tYT.4","action":"EncryptionKeysManager::SetEncryptionKeysWithTimestamps:", "result":"Success", "context":Key timestamps[7]:[2022-02-11T01:41:43Z][2022-08-12T01:57:04Z][2023-02-08T11:44:38Z][2023-08-08T00:59:14Z][2024-02-04T01:56:05Z][2024-08-02T02:56:24Z][2025-02-13T05:41:07Z]}
{"logTime": "0715/030455", "correlationVector":"Rs39baSKY11aaqDzfK9GhL","action":"SyncServerConnectionManagerRequest", "result":"CONNECTION_UNAVAILABLE", "context":{"error_type":"net_error_code", "error_value":"-100"}}
{"logTime": "0715/030511", "correlationVector":"2Nv53DqOgR5IeyoP0SRSfn","action":"SyncServerConnectionManagerRequest", "result":"CONNECTION_UNAVAILABLE", "context":{"error_type":"net_error_code", "error_value":"-100"}}
{"logTime": "0715/030536", "correlationVector":"MSSOyM0MFKVB2Chw2uYlZw","action":"SyncServerConnectionManagerRequest", "result":"CONNECTION_UNAVAILABLE", "context":{"error_type":"net_error_code", "error_value":"-3"}}
{"logTime": "0715/030939", "correlationVector":"/eb4MbFz7OZXV5Q+hOHwj0","action":"SyncServerConnectionManagerRequest", "result":"CONNECTION_UNAVAILABLE", "context":{"error_type":"net_error_code", "error_value":"-100"}}
{"logTime": "0715/030939", "correlationVector":"WQJpI4dO39qTdvGIc9t8WF.1","action":"SyncServerConnectionManagerRequest", "result":"SYNC_SERVER_OK", "context":{"environment":"", "migrationStage":"", "server":""}}
{"logTime": "0715/030939", "correlationVector":"WQJpI4dO39qTdvGIc9t8WF.2","action":"EncryptionKeysFetcher.DownloadKeys:", "result":"Success", "context":Key count: 7, Last key timestamp: 2025-02-13T05:41:07Z}
{"logTime": "0715/030939", "correlationVector":"WQJpI4dO39qTdvGIc9t8WF.3","action":"EncryptionKeysManager::SetEncryptionKeys:", "result":"Success", "context":Key names[7]:[S0LU+tS5wpanc1gsxTL1vNVBts2gHi2GwdcZIUIcpk22Mnn9z5Tr0xQZDOXDQQyXkrXZCFqL82axN2HaxmGYgg==][3Sv05JLDEvg38ZTytD/empbR9tprn/1C+rYIXhyGK7KObniVwBI464E4wCflVnXTCzk2Nktpj71sZChboNe2Og==][7VL7U4Zzq4c4w+XQRFz4qJkap/DFElV2XK+ADbWZzhDNfno9BrLowQHbWb3itifDw3QZTB0FVOxNmt/vaiKa+g==][LiUMM76vvIS85Gdag+r1MNw16jGlJePd5mLGW6rdBS+RfxLroVvUJP9XfUTcwwUHGVWiiLvT24a+863mlgpIpQ==][U6tVaL3pMAe8YkLq+JomgyaxB7qb74cDgfkR9cdzmEQkvlHk7EG2oOlcAqZSMnGciJmR2+sUkB4QI6u700S6hQ==][97O5UeHH0yU44V9j9S9XRW2gLlU54/dGAdXHoGfSXaqgozNtn8i+FB6KWqP+uXwBbRInOX7qt6b9Y994lyGgog==][PKXqMrcV0WsFE+HC/qQoHFIKfMCwUq56hW7qnixPAzRrz+6FH8UutAPHpsBNbP4qyR0oOnz/AnKn3RuXDME83w==]}
{"logTime": "0715/030939", "correlationVector":"WQJpI4dO39qTdvGIc9t8WF.4","action":"EncryptionKeysManager::SetEncryptionKeysWithTimestamps:", "result":"Success", "context":Key timestamps[7]:[2022-02-11T01:41:43Z][2022-08-12T01:57:04Z][2023-02-08T11:44:38Z][2023-08-08T00:59:14Z][2024-02-04T01:56:05Z][2024-08-02T02:56:24Z][2025-02-13T05:41:07Z]}
{"logTime": "0715/030952", "correlationVector":"PdMge8Rp1QdIu2nkLRV3PP","action":"SyncServerConnectionManagerRequest", "result":"CONNECTION_UNAVAILABLE", "context":{"error_type":"net_error_code", "error_value":"-100"}}
{"logTime": "0715/031005", "correlationVector":"RMYjDYAxlnc5VOqU60Szd1","action":"SyncServerConnectionManagerRequest", "result":"CONNECTION_UNAVAILABLE", "context":{"error_type":"net_error_code", "error_value":"-100"}}
{"logTime": "0715/031324", "correlationVector":"dNZgvTWszwPI5pyhV3vnev","action":"SyncServerConnectionManagerRequest", "result":"CONNECTION_UNAVAILABLE", "context":{"error_type":"net_error_code", "error_value":"-100"}}
{"logTime": "0715/031324", "correlationVector":"aefCHaR7iQCqTQ/2h9Pk4n.1","action":"SyncServerConnectionManagerRequest", "result":"SYNC_SERVER_OK", "context":{"environment":"", "migrationStage":"", "server":""}}
{"logTime": "0715/031324", "correlationVector":"aefCHaR7iQCqTQ/2h9Pk4n.2","action":"EncryptionKeysFetcher.DownloadKeys:", "result":"Success", "context":Key count: 7, Last key timestamp: 2025-02-13T05:41:07Z}
{"logTime": "0715/031324", "correlationVector":"aefCHaR7iQCqTQ/2h9Pk4n.3","action":"EncryptionKeysManager::SetEncryptionKeys:", "result":"Success", "context":Key names[7]:[S0LU+tS5wpanc1gsxTL1vNVBts2gHi2GwdcZIUIcpk22Mnn9z5Tr0xQZDOXDQQyXkrXZCFqL82axN2HaxmGYgg==][3Sv05JLDEvg38ZTytD/empbR9tprn/1C+rYIXhyGK7KObniVwBI464E4wCflVnXTCzk2Nktpj71sZChboNe2Og==][7VL7U4Zzq4c4w+XQRFz4qJkap/DFElV2XK+ADbWZzhDNfno9BrLowQHbWb3itifDw3QZTB0FVOxNmt/vaiKa+g==][LiUMM76vvIS85Gdag+r1MNw16jGlJePd5mLGW6rdBS+RfxLroVvUJP9XfUTcwwUHGVWiiLvT24a+863mlgpIpQ==][U6tVaL3pMAe8YkLq+JomgyaxB7qb74cDgfkR9cdzmEQkvlHk7EG2oOlcAqZSMnGciJmR2+sUkB4QI6u700S6hQ==][97O5UeHH0yU44V9j9S9XRW2gLlU54/dGAdXHoGfSXaqgozNtn8i+FB6KWqP+uXwBbRInOX7qt6b9Y994lyGgog==][PKXqMrcV0WsFE+HC/qQoHFIKfMCwUq56hW7qnixPAzRrz+6FH8UutAPHpsBNbP4qyR0oOnz/AnKn3RuXDME83w==]}
{"logTime": "0715/031324", "correlationVector":"aefCHaR7iQCqTQ/2h9Pk4n.4","action":"EncryptionKeysManager::SetEncryptionKeysWithTimestamps:", "result":"Success", "context":Key timestamps[7]:[2022-02-11T01:41:43Z][2022-08-12T01:57:04Z][2023-02-08T11:44:38Z][2023-08-08T00:59:14Z][2024-02-04T01:56:05Z][2024-08-02T02:56:24Z][2025-02-13T05:41:07Z]}
{"logTime": "0715/031336", "correlationVector":"Cnz58CJyAkkVzMEljA5Otc","action":"SyncServerConnectionManagerRequest", "result":"CONNECTION_UNAVAILABLE", "context":{"error_type":"net_error_code", "error_value":"-3"}}
{"logTime": "0715/031638", "correlationVector":"oLZ6fIxrgBN5b8BXE3a/NA","action":"SyncServerConnectionManagerRequest", "result":"CONNECTION_UNAVAILABLE", "context":{"error_type":"net_error_code", "error_value":"-100"}}
{"logTime": "0715/031639", "correlationVector":"DCwT+sFCkfcwHUgXPWoIaU.1","action":"SyncServerConnectionManagerRequest", "result":"SYNC_SERVER_OK", "context":{"environment":"", "migrationStage":"", "server":""}}
{"logTime": "0715/031639", "correlationVector":"DCwT+sFCkfcwHUgXPWoIaU.2","action":"EncryptionKeysFetcher.DownloadKeys:", "result":"Success", "context":Key count: 7, Last key timestamp: 2025-02-13T05:41:07Z}
{"logTime": "0715/031639", "correlationVector":"DCwT+sFCkfcwHUgXPWoIaU.3","action":"EncryptionKeysManager::SetEncryptionKeys:", "result":"Success", "context":Key names[7]:[S0LU+tS5wpanc1gsxTL1vNVBts2gHi2GwdcZIUIcpk22Mnn9z5Tr0xQZDOXDQQyXkrXZCFqL82axN2HaxmGYgg==][3Sv05JLDEvg38ZTytD/empbR9tprn/1C+rYIXhyGK7KObniVwBI464E4wCflVnXTCzk2Nktpj71sZChboNe2Og==][7VL7U4Zzq4c4w+XQRFz4qJkap/DFElV2XK+ADbWZzhDNfno9BrLowQHbWb3itifDw3QZTB0FVOxNmt/vaiKa+g==][LiUMM76vvIS85Gdag+r1MNw16jGlJePd5mLGW6rdBS+RfxLroVvUJP9XfUTcwwUHGVWiiLvT24a+863mlgpIpQ==][U6tVaL3pMAe8YkLq+JomgyaxB7qb74cDgfkR9cdzmEQkvlHk7EG2oOlcAqZSMnGciJmR2+sUkB4QI6u700S6hQ==][97O5UeHH0yU44V9j9S9XRW2gLlU54/dGAdXHoGfSXaqgozNtn8i+FB6KWqP+uXwBbRInOX7qt6b9Y994lyGgog==][PKXqMrcV0WsFE+HC/qQoHFIKfMCwUq56hW7qnixPAzRrz+6FH8UutAPHpsBNbP4qyR0oOnz/AnKn3RuXDME83w==]}
{"logTime": "0715/031639", "correlationVector":"DCwT+sFCkfcwHUgXPWoIaU.4","action":"EncryptionKeysManager::SetEncryptionKeysWithTimestamps:", "result":"Success", "context":Key timestamps[7]:[2022-02-11T01:41:43Z][2022-08-12T01:57:04Z][2023-02-08T11:44:38Z][2023-08-08T00:59:14Z][2024-02-04T01:56:05Z][2024-08-02T02:56:24Z][2025-02-13T05:41:07Z]}
{"logTime": "0715/031650", "correlationVector":"Sp7epL5IsfSN0P1L6+vSZq","action":"SyncServerConnectionManagerRequest", "result":"CONNECTION_UNAVAILABLE", "context":{"error_type":"net_error_code", "error_value":"-100"}}
{"logTime": "0715/031822", "correlationVector":"R1Fb3TQQYV1r6d4RG2anLL","action":"SyncServerConnectionManagerRequest", "result":"CONNECTION_UNAVAILABLE", "context":{"error_type":"net_error_code", "error_value":"-100"}}
{"logTime": "0715/031822", "correlationVector":"WxtqlkCpQl7t0EA+r0Qws9.1","action":"SyncServerConnectionManagerRequest", "result":"SYNC_SERVER_OK", "context":{"environment":"", "migrationStage":"", "server":""}}
{"logTime": "0715/031822", "correlationVector":"WxtqlkCpQl7t0EA+r0Qws9.2","action":"EncryptionKeysFetcher.DownloadKeys:", "result":"Success", "context":Key count: 7, Last key timestamp: 2025-02-13T05:41:07Z}
{"logTime": "0715/031822", "correlationVector":"WxtqlkCpQl7t0EA+r0Qws9.3","action":"EncryptionKeysManager::SetEncryptionKeys:", "result":"Success", "context":Key names[7]:[S0LU+tS5wpanc1gsxTL1vNVBts2gHi2GwdcZIUIcpk22Mnn9z5Tr0xQZDOXDQQyXkrXZCFqL82axN2HaxmGYgg==][3Sv05JLDEvg38ZTytD/empbR9tprn/1C+rYIXhyGK7KObniVwBI464E4wCflVnXTCzk2Nktpj71sZChboNe2Og==][7VL7U4Zzq4c4w+XQRFz4qJkap/DFElV2XK+ADbWZzhDNfno9BrLowQHbWb3itifDw3QZTB0FVOxNmt/vaiKa+g==][LiUMM76vvIS85Gdag+r1MNw16jGlJePd5mLGW6rdBS+RfxLroVvUJP9XfUTcwwUHGVWiiLvT24a+863mlgpIpQ==][U6tVaL3pMAe8YkLq+JomgyaxB7qb74cDgfkR9cdzmEQkvlHk7EG2oOlcAqZSMnGciJmR2+sUkB4QI6u700S6hQ==][97O5UeHH0yU44V9j9S9XRW2gLlU54/dGAdXHoGfSXaqgozNtn8i+FB6KWqP+uXwBbRInOX7qt6b9Y994lyGgog==][PKXqMrcV0WsFE+HC/qQoHFIKfMCwUq56hW7qnixPAzRrz+6FH8UutAPHpsBNbP4qyR0oOnz/AnKn3RuXDME83w==]}
{"logTime": "0715/031822", "correlationVector":"WxtqlkCpQl7t0EA+r0Qws9.4","action":"EncryptionKeysManager::SetEncryptionKeysWithTimestamps:", "result":"Success", "context":Key timestamps[7]:[2022-02-11T01:41:43Z][2022-08-12T01:57:04Z][2023-02-08T11:44:38Z][2023-08-08T00:59:14Z][2024-02-04T01:56:05Z][2024-08-02T02:56:24Z][2025-02-13T05:41:07Z]}
{"logTime": "0715/031824", "correlationVector":"3dHWeb7nOQvSLDfSvznrmR","action":"SyncServerConnectionManagerRequest", "result":"CONNECTION_UNAVAILABLE", "context":{"error_type":"net_error_code", "error_value":"-3"}}
{"logTime": "0715/032035", "correlationVector":"DTqlI/EkGDEfb3cxGw2V9Z","action":"SyncServerConnectionManagerRequest", "result":"CONNECTION_UNAVAILABLE", "context":{"error_type":"net_error_code", "error_value":"-100"}}
{"logTime": "0715/032036", "correlationVector":"InRGDQYgBccWM032aTiPKB.1","action":"SyncServerConnectionManagerRequest", "result":"SYNC_SERVER_OK", "context":{"environment":"", "migrationStage":"", "server":""}}
{"logTime": "0715/032036", "correlationVector":"InRGDQYgBccWM032aTiPKB.2","action":"EncryptionKeysFetcher.DownloadKeys:", "result":"Success", "context":Key count: 7, Last key timestamp: 2025-02-13T05:41:07Z}
{"logTime": "0715/032036", "correlationVector":"InRGDQYgBccWM032aTiPKB.3","action":"EncryptionKeysManager::SetEncryptionKeys:", "result":"Success", "context":Key names[7]:[S0LU+tS5wpanc1gsxTL1vNVBts2gHi2GwdcZIUIcpk22Mnn9z5Tr0xQZDOXDQQyXkrXZCFqL82axN2HaxmGYgg==][3Sv05JLDEvg38ZTytD/empbR9tprn/1C+rYIXhyGK7KObniVwBI464E4wCflVnXTCzk2Nktpj71sZChboNe2Og==][7VL7U4Zzq4c4w+XQRFz4qJkap/DFElV2XK+ADbWZzhDNfno9BrLowQHbWb3itifDw3QZTB0FVOxNmt/vaiKa+g==][LiUMM76vvIS85Gdag+r1MNw16jGlJePd5mLGW6rdBS+RfxLroVvUJP9XfUTcwwUHGVWiiLvT24a+863mlgpIpQ==][U6tVaL3pMAe8YkLq+JomgyaxB7qb74cDgfkR9cdzmEQkvlHk7EG2oOlcAqZSMnGciJmR2+sUkB4QI6u700S6hQ==][97O5UeHH0yU44V9j9S9XRW2gLlU54/dGAdXHoGfSXaqgozNtn8i+FB6KWqP+uXwBbRInOX7qt6b9Y994lyGgog==][PKXqMrcV0WsFE+HC/qQoHFIKfMCwUq56hW7qnixPAzRrz+6FH8UutAPHpsBNbP4qyR0oOnz/AnKn3RuXDME83w==]}
{"logTime": "0715/032036", "correlationVector":"InRGDQYgBccWM032aTiPKB.4","action":"EncryptionKeysManager::SetEncryptionKeysWithTimestamps:", "result":"Success", "context":Key timestamps[7]:[2022-02-11T01:41:43Z][2022-08-12T01:57:04Z][2023-02-08T11:44:38Z][2023-08-08T00:59:14Z][2024-02-04T01:56:05Z][2024-08-02T02:56:24Z][2025-02-13T05:41:07Z]}
{"logTime": "0715/032048", "correlationVector":"St/IkDu6EduixbYgO/l/F8","action":"SyncServerConnectionManagerRequest", "result":"CONNECTION_UNAVAILABLE", "context":{"error_type":"net_error_code", "error_value":"-100"}}
{"logTime": "0715/032451", "correlationVector":"nP20DaVQe2Z76PkprAN1jv","action":"SyncServerConnectionManagerRequest", "result":"CONNECTION_UNAVAILABLE", "context":{"error_type":"net_error_code", "error_value":"-100"}}
{"logTime": "0715/032452", "correlationVector":"kWA3QYeGbj1lhPVMyo8ddY.1","action":"SyncServerConnectionManagerRequest", "result":"SYNC_SERVER_OK", "context":{"environment":"", "migrationStage":"", "server":""}}
{"logTime": "0715/032452", "correlationVector":"kWA3QYeGbj1lhPVMyo8ddY.2","action":"EncryptionKeysFetcher.DownloadKeys:", "result":"Success", "context":Key count: 7, Last key timestamp: 2025-02-13T05:41:07Z}
{"logTime": "0715/032452", "correlationVector":"kWA3QYeGbj1lhPVMyo8ddY.3","action":"EncryptionKeysManager::SetEncryptionKeys:", "result":"Success", "context":Key names[7]:[S0LU+tS5wpanc1gsxTL1vNVBts2gHi2GwdcZIUIcpk22Mnn9z5Tr0xQZDOXDQQyXkrXZCFqL82axN2HaxmGYgg==][3Sv05JLDEvg38ZTytD/empbR9tprn/1C+rYIXhyGK7KObniVwBI464E4wCflVnXTCzk2Nktpj71sZChboNe2Og==][7VL7U4Zzq4c4w+XQRFz4qJkap/DFElV2XK+ADbWZzhDNfno9BrLowQHbWb3itifDw3QZTB0FVOxNmt/vaiKa+g==][LiUMM76vvIS85Gdag+r1MNw16jGlJePd5mLGW6rdBS+RfxLroVvUJP9XfUTcwwUHGVWiiLvT24a+863mlgpIpQ==][U6tVaL3pMAe8YkLq+JomgyaxB7qb74cDgfkR9cdzmEQkvlHk7EG2oOlcAqZSMnGciJmR2+sUkB4QI6u700S6hQ==][97O5UeHH0yU44V9j9S9XRW2gLlU54/dGAdXHoGfSXaqgozNtn8i+FB6KWqP+uXwBbRInOX7qt6b9Y994lyGgog==][PKXqMrcV0WsFE+HC/qQoHFIKfMCwUq56hW7qnixPAzRrz+6FH8UutAPHpsBNbP4qyR0oOnz/AnKn3RuXDME83w==]}
{"logTime": "0715/032452", "correlationVector":"kWA3QYeGbj1lhPVMyo8ddY.4","action":"EncryptionKeysManager::SetEncryptionKeysWithTimestamps:", "result":"Success", "context":Key timestamps[7]:[2022-02-11T01:41:43Z][2022-08-12T01:57:04Z][2023-02-08T11:44:38Z][2023-08-08T00:59:14Z][2024-02-04T01:56:05Z][2024-08-02T02:56:24Z][2025-02-13T05:41:07Z]}
{"logTime": "0715/032941", "correlationVector":"NfIQOY3JgXxfaEQh35FVIM","action":"SyncServerConnectionManagerRequest", "result":"CONNECTION_UNAVAILABLE", "context":{"error_type":"net_error_code", "error_value":"-100"}}
{"logTime": "0715/032942", "correlationVector":"SoWlHDnEU7yPKHglrADJHk.1","action":"SyncServerConnectionManagerRequest", "result":"SYNC_SERVER_OK", "context":{"environment":"", "migrationStage":"", "server":""}}
{"logTime": "0715/032942", "correlationVector":"SoWlHDnEU7yPKHglrADJHk.2","action":"EncryptionKeysFetcher.DownloadKeys:", "result":"Success", "context":Key count: 7, Last key timestamp: 2025-02-13T05:41:07Z}
{"logTime": "0715/032942", "correlationVector":"SoWlHDnEU7yPKHglrADJHk.3","action":"EncryptionKeysManager::SetEncryptionKeys:", "result":"Success", "context":Key names[7]:[S0LU+tS5wpanc1gsxTL1vNVBts2gHi2GwdcZIUIcpk22Mnn9z5Tr0xQZDOXDQQyXkrXZCFqL82axN2HaxmGYgg==][3Sv05JLDEvg38ZTytD/empbR9tprn/1C+rYIXhyGK7KObniVwBI464E4wCflVnXTCzk2Nktpj71sZChboNe2Og==][7VL7U4Zzq4c4w+XQRFz4qJkap/DFElV2XK+ADbWZzhDNfno9BrLowQHbWb3itifDw3QZTB0FVOxNmt/vaiKa+g==][LiUMM76vvIS85Gdag+r1MNw16jGlJePd5mLGW6rdBS+RfxLroVvUJP9XfUTcwwUHGVWiiLvT24a+863mlgpIpQ==][U6tVaL3pMAe8YkLq+JomgyaxB7qb74cDgfkR9cdzmEQkvlHk7EG2oOlcAqZSMnGciJmR2+sUkB4QI6u700S6hQ==][97O5UeHH0yU44V9j9S9XRW2gLlU54/dGAdXHoGfSXaqgozNtn8i+FB6KWqP+uXwBbRInOX7qt6b9Y994lyGgog==][PKXqMrcV0WsFE+HC/qQoHFIKfMCwUq56hW7qnixPAzRrz+6FH8UutAPHpsBNbP4qyR0oOnz/AnKn3RuXDME83w==]}
{"logTime": "0715/032942", "correlationVector":"SoWlHDnEU7yPKHglrADJHk.4","action":"EncryptionKeysManager::SetEncryptionKeysWithTimestamps:", "result":"Success", "context":Key timestamps[7]:[2022-02-11T01:41:43Z][2022-08-12T01:57:04Z][2023-02-08T11:44:38Z][2023-08-08T00:59:14Z][2024-02-04T01:56:05Z][2024-08-02T02:56:24Z][2025-02-13T05:41:07Z]}
{"logTime": "0715/033022", "correlationVector":"E7EXAjikMS4/z+2kgeQhSg","action":"SyncServerConnectionManagerRequest", "result":"CONNECTION_UNAVAILABLE", "context":{"error_type":"net_error_code", "error_value":"-100"}}
{"logTime": "0715/033023", "correlationVector":"UqWEREoPVivX0ANFLyqLRa.1","action":"SyncServerConnectionManagerRequest", "result":"SYNC_SERVER_OK", "context":{"environment":"", "migrationStage":"", "server":""}}
{"logTime": "0715/033023", "correlationVector":"UqWEREoPVivX0ANFLyqLRa.2","action":"EncryptionKeysFetcher.DownloadKeys:", "result":"Success", "context":Key count: 7, Last key timestamp: 2025-02-13T05:41:07Z}
{"logTime": "0715/033023", "correlationVector":"UqWEREoPVivX0ANFLyqLRa.3","action":"EncryptionKeysManager::SetEncryptionKeys:", "result":"Success", "context":Key names[7]:[S0LU+tS5wpanc1gsxTL1vNVBts2gHi2GwdcZIUIcpk22Mnn9z5Tr0xQZDOXDQQyXkrXZCFqL82axN2HaxmGYgg==][3Sv05JLDEvg38ZTytD/empbR9tprn/1C+rYIXhyGK7KObniVwBI464E4wCflVnXTCzk2Nktpj71sZChboNe2Og==][7VL7U4Zzq4c4w+XQRFz4qJkap/DFElV2XK+ADbWZzhDNfno9BrLowQHbWb3itifDw3QZTB0FVOxNmt/vaiKa+g==][LiUMM76vvIS85Gdag+r1MNw16jGlJePd5mLGW6rdBS+RfxLroVvUJP9XfUTcwwUHGVWiiLvT24a+863mlgpIpQ==][U6tVaL3pMAe8YkLq+JomgyaxB7qb74cDgfkR9cdzmEQkvlHk7EG2oOlcAqZSMnGciJmR2+sUkB4QI6u700S6hQ==][97O5UeHH0yU44V9j9S9XRW2gLlU54/dGAdXHoGfSXaqgozNtn8i+FB6KWqP+uXwBbRInOX7qt6b9Y994lyGgog==][PKXqMrcV0WsFE+HC/qQoHFIKfMCwUq56hW7qnixPAzRrz+6FH8UutAPHpsBNbP4qyR0oOnz/AnKn3RuXDME83w==]}
{"logTime": "0715/033023", "correlationVector":"UqWEREoPVivX0ANFLyqLRa.4","action":"EncryptionKeysManager::SetEncryptionKeysWithTimestamps:", "result":"Success", "context":Key timestamps[7]:[2022-02-11T01:41:43Z][2022-08-12T01:57:04Z][2023-02-08T11:44:38Z][2023-08-08T00:59:14Z][2024-02-04T01:56:05Z][2024-08-02T02:56:24Z][2025-02-13T05:41:07Z]}
{"logTime": "0715/033034", "correlationVector":"UA1HVyamlQELahhUlNTxU7","action":"SyncServerConnectionManagerRequest", "result":"CONNECTION_UNAVAILABLE", "context":{"error_type":"net_error_code", "error_value":"-100"}}
{"logTime": "0715/033048", "correlationVector":"vWFZK/0DUIHByp87mIKlvQ","action":"SyncServerConnectionManagerRequest", "result":"CONNECTION_UNAVAILABLE", "context":{"error_type":"net_error_code", "error_value":"-100"}}
{"logTime": "0715/033151", "correlationVector":"eHNMYot+14auqpqsYXSVh8","action":"SyncServerConnectionManagerRequest", "result":"CONNECTION_UNAVAILABLE", "context":{"error_type":"net_error_code", "error_value":"-100"}}
{"logTime": "0715/033151", "correlationVector":"277P8GW7NEb2avMN6xZ+dB.1","action":"SyncServerConnectionManagerRequest", "result":"SYNC_SERVER_OK", "context":{"environment":"", "migrationStage":"", "server":""}}
{"logTime": "0715/033151", "correlationVector":"277P8GW7NEb2avMN6xZ+dB.2","action":"EncryptionKeysFetcher.DownloadKeys:", "result":"Success", "context":Key count: 7, Last key timestamp: 2025-02-13T05:41:07Z}
{"logTime": "0715/033151", "correlationVector":"277P8GW7NEb2avMN6xZ+dB.3","action":"EncryptionKeysManager::SetEncryptionKeys:", "result":"Success", "context":Key names[7]:[S0LU+tS5wpanc1gsxTL1vNVBts2gHi2GwdcZIUIcpk22Mnn9z5Tr0xQZDOXDQQyXkrXZCFqL82axN2HaxmGYgg==][3Sv05JLDEvg38ZTytD/empbR9tprn/1C+rYIXhyGK7KObniVwBI464E4wCflVnXTCzk2Nktpj71sZChboNe2Og==][7VL7U4Zzq4c4w+XQRFz4qJkap/DFElV2XK+ADbWZzhDNfno9BrLowQHbWb3itifDw3QZTB0FVOxNmt/vaiKa+g==][LiUMM76vvIS85Gdag+r1MNw16jGlJePd5mLGW6rdBS+RfxLroVvUJP9XfUTcwwUHGVWiiLvT24a+863mlgpIpQ==][U6tVaL3pMAe8YkLq+JomgyaxB7qb74cDgfkR9cdzmEQkvlHk7EG2oOlcAqZSMnGciJmR2+sUkB4QI6u700S6hQ==][97O5UeHH0yU44V9j9S9XRW2gLlU54/dGAdXHoGfSXaqgozNtn8i+FB6KWqP+uXwBbRInOX7qt6b9Y994lyGgog==][PKXqMrcV0WsFE+HC/qQoHFIKfMCwUq56hW7qnixPAzRrz+6FH8UutAPHpsBNbP4qyR0oOnz/AnKn3RuXDME83w==]}
{"logTime": "0715/033151", "correlationVector":"277P8GW7NEb2avMN6xZ+dB.4","action":"EncryptionKeysManager::SetEncryptionKeysWithTimestamps:", "result":"Success", "context":Key timestamps[7]:[2022-02-11T01:41:43Z][2022-08-12T01:57:04Z][2023-02-08T11:44:38Z][2023-08-08T00:59:14Z][2024-02-04T01:56:05Z][2024-08-02T02:56:24Z][2025-02-13T05:41:07Z]}
{"logTime": "0715/033737", "correlationVector":"h6qmvaXv70XXIWtEdnWRKw","action":"SyncServerConnectionManagerRequest", "result":"CONNECTION_UNAVAILABLE", "context":{"error_type":"net_error_code", "error_value":"-100"}}
{"logTime": "0715/033737", "correlationVector":"teU59aul5zijIGuiswSjXU.1","action":"SyncServerConnectionManagerRequest", "result":"SYNC_SERVER_OK", "context":{"environment":"", "migrationStage":"", "server":""}}
{"logTime": "0715/033737", "correlationVector":"teU59aul5zijIGuiswSjXU.2","action":"EncryptionKeysFetcher.DownloadKeys:", "result":"Success", "context":Key count: 7, Last key timestamp: 2025-02-13T05:41:07Z}
{"logTime": "0715/033737", "correlationVector":"teU59aul5zijIGuiswSjXU.3","action":"EncryptionKeysManager::SetEncryptionKeys:", "result":"Success", "context":Key names[7]:[S0LU+tS5wpanc1gsxTL1vNVBts2gHi2GwdcZIUIcpk22Mnn9z5Tr0xQZDOXDQQyXkrXZCFqL82axN2HaxmGYgg==][3Sv05JLDEvg38ZTytD/empbR9tprn/1C+rYIXhyGK7KObniVwBI464E4wCflVnXTCzk2Nktpj71sZChboNe2Og==][7VL7U4Zzq4c4w+XQRFz4qJkap/DFElV2XK+ADbWZzhDNfno9BrLowQHbWb3itifDw3QZTB0FVOxNmt/vaiKa+g==][LiUMM76vvIS85Gdag+r1MNw16jGlJePd5mLGW6rdBS+RfxLroVvUJP9XfUTcwwUHGVWiiLvT24a+863mlgpIpQ==][U6tVaL3pMAe8YkLq+JomgyaxB7qb74cDgfkR9cdzmEQkvlHk7EG2oOlcAqZSMnGciJmR2+sUkB4QI6u700S6hQ==][97O5UeHH0yU44V9j9S9XRW2gLlU54/dGAdXHoGfSXaqgozNtn8i+FB6KWqP+uXwBbRInOX7qt6b9Y994lyGgog==][PKXqMrcV0WsFE+HC/qQoHFIKfMCwUq56hW7qnixPAzRrz+6FH8UutAPHpsBNbP4qyR0oOnz/AnKn3RuXDME83w==]}
{"logTime": "0715/033737", "correlationVector":"teU59aul5zijIGuiswSjXU.4","action":"EncryptionKeysManager::SetEncryptionKeysWithTimestamps:", "result":"Success", "context":Key timestamps[7]:[2022-02-11T01:41:43Z][2022-08-12T01:57:04Z][2023-02-08T11:44:38Z][2023-08-08T00:59:14Z][2024-02-04T01:56:05Z][2024-08-02T02:56:24Z][2025-02-13T05:41:07Z]}
{"logTime": "0715/033749", "correlationVector":"jfC4Eaa8iSZeioDHhZoSy0","action":"SyncServerConnectionManagerRequest", "result":"CONNECTION_UNAVAILABLE", "context":{"error_type":"net_error_code", "error_value":"-100"}}
{"logTime": "0715/033801", "correlationVector":"VGT4Zp4flBHRdvlByDbfAD","action":"SyncServerConnectionManagerRequest", "result":"CONNECTION_UNAVAILABLE", "context":{"error_type":"net_error_code", "error_value":"-100"}}
{"logTime": "0715/033817", "correlationVector":"i+x6FTbjjVMMo1G0UcH64N","action":"SyncServerConnectionManagerRequest", "result":"CONNECTION_UNAVAILABLE", "context":{"error_type":"net_error_code", "error_value":"-100"}}
{"logTime": "0715/033835", "correlationVector":"FRsFTC+xhQT3d4PDRh9T9q","action":"SyncServerConnectionManagerRequest", "result":"CONNECTION_UNAVAILABLE", "context":{"error_type":"net_error_code", "error_value":"-3"}}
{"logTime": "0715/034022", "correlationVector":"+CpakvOP/ZCK9YXsUgpuU2","action":"SyncServerConnectionManagerRequest", "result":"CONNECTION_UNAVAILABLE", "context":{"error_type":"net_error_code", "error_value":"-100"}}
{"logTime": "0715/034022", "correlationVector":"RattJ6CWk+1JR509bvY9Nw.1","action":"SyncServerConnectionManagerRequest", "result":"SYNC_SERVER_OK", "context":{"environment":"", "migrationStage":"", "server":""}}
{"logTime": "0715/034022", "correlationVector":"RattJ6CWk+1JR509bvY9Nw.2","action":"EncryptionKeysFetcher.DownloadKeys:", "result":"Success", "context":Key count: 7, Last key timestamp: 2025-02-13T05:41:07Z}
{"logTime": "0715/034022", "correlationVector":"RattJ6CWk+1JR509bvY9Nw.3","action":"EncryptionKeysManager::SetEncryptionKeys:", "result":"Success", "context":Key names[7]:[S0LU+tS5wpanc1gsxTL1vNVBts2gHi2GwdcZIUIcpk22Mnn9z5Tr0xQZDOXDQQyXkrXZCFqL82axN2HaxmGYgg==][3Sv05JLDEvg38ZTytD/empbR9tprn/1C+rYIXhyGK7KObniVwBI464E4wCflVnXTCzk2Nktpj71sZChboNe2Og==][7VL7U4Zzq4c4w+XQRFz4qJkap/DFElV2XK+ADbWZzhDNfno9BrLowQHbWb3itifDw3QZTB0FVOxNmt/vaiKa+g==][LiUMM76vvIS85Gdag+r1MNw16jGlJePd5mLGW6rdBS+RfxLroVvUJP9XfUTcwwUHGVWiiLvT24a+863mlgpIpQ==][U6tVaL3pMAe8YkLq+JomgyaxB7qb74cDgfkR9cdzmEQkvlHk7EG2oOlcAqZSMnGciJmR2+sUkB4QI6u700S6hQ==][97O5UeHH0yU44V9j9S9XRW2gLlU54/dGAdXHoGfSXaqgozNtn8i+FB6KWqP+uXwBbRInOX7qt6b9Y994lyGgog==][PKXqMrcV0WsFE+HC/qQoHFIKfMCwUq56hW7qnixPAzRrz+6FH8UutAPHpsBNbP4qyR0oOnz/AnKn3RuXDME83w==]}
{"logTime": "0715/034022", "correlationVector":"RattJ6CWk+1JR509bvY9Nw.4","action":"EncryptionKeysManager::SetEncryptionKeysWithTimestamps:", "result":"Success", "context":Key timestamps[7]:[2022-02-11T01:41:43Z][2022-08-12T01:57:04Z][2023-02-08T11:44:38Z][2023-08-08T00:59:14Z][2024-02-04T01:56:05Z][2024-08-02T02:56:24Z][2025-02-13T05:41:07Z]}
{"logTime": "0715/034034", "correlationVector":"y58kVcxmy/IO0XGKk6+VnR","action":"SyncServerConnectionManagerRequest", "result":"CONNECTION_UNAVAILABLE", "context":{"error_type":"net_error_code", "error_value":"-100"}}
{"logTime": "0715/034047", "correlationVector":"6xYUAOj/evT2uQz2RnDdnT","action":"SyncServerConnectionManagerRequest", "result":"CONNECTION_UNAVAILABLE", "context":{"error_type":"net_error_code", "error_value":"-100"}}
{"logTime": "0715/034128", "correlationVector":"R53AECZXKdxp5V+xLEn+FL","action":"SyncServerConnectionManagerRequest", "result":"CONNECTION_UNAVAILABLE", "context":{"error_type":"net_error_code", "error_value":"-100"}}
{"logTime": "0715/034130", "correlationVector":"vHlPEu8sgtTuRTHzn2Z4Gl.1","action":"SyncServerConnectionManagerRequest", "result":"SYNC_SERVER_OK", "context":{"environment":"", "migrationStage":"", "server":""}}
{"logTime": "0715/034130", "correlationVector":"vHlPEu8sgtTuRTHzn2Z4Gl.2","action":"EncryptionKeysFetcher.DownloadKeys:", "result":"Success", "context":Key count: 7, Last key timestamp: 2025-02-13T05:41:07Z}
{"logTime": "0715/034130", "correlationVector":"vHlPEu8sgtTuRTHzn2Z4Gl.3","action":"EncryptionKeysManager::SetEncryptionKeys:", "result":"Success", "context":Key names[7]:[S0LU+tS5wpanc1gsxTL1vNVBts2gHi2GwdcZIUIcpk22Mnn9z5Tr0xQZDOXDQQyXkrXZCFqL82axN2HaxmGYgg==][3Sv05JLDEvg38ZTytD/empbR9tprn/1C+rYIXhyGK7KObniVwBI464E4wCflVnXTCzk2Nktpj71sZChboNe2Og==][7VL7U4Zzq4c4w+XQRFz4qJkap/DFElV2XK+ADbWZzhDNfno9BrLowQHbWb3itifDw3QZTB0FVOxNmt/vaiKa+g==][LiUMM76vvIS85Gdag+r1MNw16jGlJePd5mLGW6rdBS+RfxLroVvUJP9XfUTcwwUHGVWiiLvT24a+863mlgpIpQ==][U6tVaL3pMAe8YkLq+JomgyaxB7qb74cDgfkR9cdzmEQkvlHk7EG2oOlcAqZSMnGciJmR2+sUkB4QI6u700S6hQ==][97O5UeHH0yU44V9j9S9XRW2gLlU54/dGAdXHoGfSXaqgozNtn8i+FB6KWqP+uXwBbRInOX7qt6b9Y994lyGgog==][PKXqMrcV0WsFE+HC/qQoHFIKfMCwUq56hW7qnixPAzRrz+6FH8UutAPHpsBNbP4qyR0oOnz/AnKn3RuXDME83w==]}
{"logTime": "0715/034130", "correlationVector":"vHlPEu8sgtTuRTHzn2Z4Gl.4","action":"EncryptionKeysManager::SetEncryptionKeysWithTimestamps:", "result":"Success", "context":Key timestamps[7]:[2022-02-11T01:41:43Z][2022-08-12T01:57:04Z][2023-02-08T11:44:38Z][2023-08-08T00:59:14Z][2024-02-04T01:56:05Z][2024-08-02T02:56:24Z][2025-02-13T05:41:07Z]}
{"logTime": "0715/034140", "correlationVector":"B+ZCtKJKZckueuo/FOfy2B","action":"SyncServerConnectionManagerRequest", "result":"CONNECTION_UNAVAILABLE", "context":{"error_type":"net_error_code", "error_value":"-100"}}
{"logTime": "0715/034152", "correlationVector":"UEvlnDPC79fHJ1HzQW9l6A","action":"SyncServerConnectionManagerRequest", "result":"CONNECTION_UNAVAILABLE", "context":{"error_type":"net_error_code", "error_value":"-100"}}
{"logTime": "0715/034208", "correlationVector":"po3Sg6juaVs26j94WJW8uF","action":"SyncServerConnectionManagerRequest", "result":"CONNECTION_UNAVAILABLE", "context":{"error_type":"net_error_code", "error_value":"-100"}}
{"logTime": "0715/034501", "correlationVector":"2Zm0YBa6nzg7fZvIDKoJG5","action":"SyncServerConnectionManagerRequest", "result":"CONNECTION_UNAVAILABLE", "context":{"error_type":"net_error_code", "error_value":"-100"}}
{"logTime": "0715/034501", "correlationVector":"X1XO5xMWsAGfXiVEVU8In5.1","action":"SyncServerConnectionManagerRequest", "result":"SYNC_SERVER_OK", "context":{"environment":"", "migrationStage":"", "server":""}}
{"logTime": "0715/034501", "correlationVector":"X1XO5xMWsAGfXiVEVU8In5.2","action":"EncryptionKeysFetcher.DownloadKeys:", "result":"Success", "context":Key count: 7, Last key timestamp: 2025-02-13T05:41:07Z}
{"logTime": "0715/034501", "correlationVector":"X1XO5xMWsAGfXiVEVU8In5.3","action":"EncryptionKeysManager::SetEncryptionKeys:", "result":"Success", "context":Key names[7]:[S0LU+tS5wpanc1gsxTL1vNVBts2gHi2GwdcZIUIcpk22Mnn9z5Tr0xQZDOXDQQyXkrXZCFqL82axN2HaxmGYgg==][3Sv05JLDEvg38ZTytD/empbR9tprn/1C+rYIXhyGK7KObniVwBI464E4wCflVnXTCzk2Nktpj71sZChboNe2Og==][7VL7U4Zzq4c4w+XQRFz4qJkap/DFElV2XK+ADbWZzhDNfno9BrLowQHbWb3itifDw3QZTB0FVOxNmt/vaiKa+g==][LiUMM76vvIS85Gdag+r1MNw16jGlJePd5mLGW6rdBS+RfxLroVvUJP9XfUTcwwUHGVWiiLvT24a+863mlgpIpQ==][U6tVaL3pMAe8YkLq+JomgyaxB7qb74cDgfkR9cdzmEQkvlHk7EG2oOlcAqZSMnGciJmR2+sUkB4QI6u700S6hQ==][97O5UeHH0yU44V9j9S9XRW2gLlU54/dGAdXHoGfSXaqgozNtn8i+FB6KWqP+uXwBbRInOX7qt6b9Y994lyGgog==][PKXqMrcV0WsFE+HC/qQoHFIKfMCwUq56hW7qnixPAzRrz+6FH8UutAPHpsBNbP4qyR0oOnz/AnKn3RuXDME83w==]}
{"logTime": "0715/034501", "correlationVector":"X1XO5xMWsAGfXiVEVU8In5.4","action":"EncryptionKeysManager::SetEncryptionKeysWithTimestamps:", "result":"Success", "context":Key timestamps[7]:[2022-02-11T01:41:43Z][2022-08-12T01:57:04Z][2023-02-08T11:44:38Z][2023-08-08T00:59:14Z][2024-02-04T01:56:05Z][2024-08-02T02:56:24Z][2025-02-13T05:41:07Z]}
{"logTime": "0715/034513", "correlationVector":"q0YdubIquaCE1YPcxZRfFX","action":"SyncServerConnectionManagerRequest", "result":"CONNECTION_UNAVAILABLE", "context":{"error_type":"net_error_code", "error_value":"-100"}}
{"logTime": "0715/034523", "correlationVector":"BnMHzvt4477x3yWrGBtXK5","action":"SyncServerConnectionManagerRequest", "result":"CONNECTION_UNAVAILABLE", "context":{"error_type":"net_error_code", "error_value":"-3"}}
{"logTime": "0715/034735", "correlationVector":"pdqXdEqAM9FyTiQiY+xcpG","action":"SyncServerConnectionManagerRequest", "result":"CONNECTION_UNAVAILABLE", "context":{"error_type":"net_error_code", "error_value":"-100"}}
{"logTime": "0715/034736", "correlationVector":"Xp+YyisvtJR7F5ojZqbL9F.1","action":"SyncServerConnectionManagerRequest", "result":"SYNC_SERVER_OK", "context":{"environment":"", "migrationStage":"", "server":""}}
{"logTime": "0715/034736", "correlationVector":"Xp+YyisvtJR7F5ojZqbL9F.2","action":"EncryptionKeysFetcher.DownloadKeys:", "result":"Success", "context":Key count: 7, Last key timestamp: 2025-02-13T05:41:07Z}
{"logTime": "0715/034736", "correlationVector":"Xp+YyisvtJR7F5ojZqbL9F.3","action":"EncryptionKeysManager::SetEncryptionKeys:", "result":"Success", "context":Key names[7]:[S0LU+tS5wpanc1gsxTL1vNVBts2gHi2GwdcZIUIcpk22Mnn9z5Tr0xQZDOXDQQyXkrXZCFqL82axN2HaxmGYgg==][3Sv05JLDEvg38ZTytD/empbR9tprn/1C+rYIXhyGK7KObniVwBI464E4wCflVnXTCzk2Nktpj71sZChboNe2Og==][7VL7U4Zzq4c4w+XQRFz4qJkap/DFElV2XK+ADbWZzhDNfno9BrLowQHbWb3itifDw3QZTB0FVOxNmt/vaiKa+g==][LiUMM76vvIS85Gdag+r1MNw16jGlJePd5mLGW6rdBS+RfxLroVvUJP9XfUTcwwUHGVWiiLvT24a+863mlgpIpQ==][U6tVaL3pMAe8YkLq+JomgyaxB7qb74cDgfkR9cdzmEQkvlHk7EG2oOlcAqZSMnGciJmR2+sUkB4QI6u700S6hQ==][97O5UeHH0yU44V9j9S9XRW2gLlU54/dGAdXHoGfSXaqgozNtn8i+FB6KWqP+uXwBbRInOX7qt6b9Y994lyGgog==][PKXqMrcV0WsFE+HC/qQoHFIKfMCwUq56hW7qnixPAzRrz+6FH8UutAPHpsBNbP4qyR0oOnz/AnKn3RuXDME83w==]}
{"logTime": "0715/034736", "correlationVector":"Xp+YyisvtJR7F5ojZqbL9F.4","action":"EncryptionKeysManager::SetEncryptionKeysWithTimestamps:", "result":"Success", "context":Key timestamps[7]:[2022-02-11T01:41:43Z][2022-08-12T01:57:04Z][2023-02-08T11:44:38Z][2023-08-08T00:59:14Z][2024-02-04T01:56:05Z][2024-08-02T02:56:24Z][2025-02-13T05:41:07Z]}
{"logTime": "0715/034747", "correlationVector":"7dC/1qJgG1b0WACLsv+fXW","action":"SyncServerConnectionManagerRequest", "result":"CONNECTION_UNAVAILABLE", "context":{"error_type":"net_error_code", "error_value":"-3"}}
{"logTime": "0715/054204", "correlationVector":"drQqK3etDkSecrEyppuBiH.1","action":"SyncServerConnectionManagerRequest", "result":"SYNC_SERVER_OK", "context":{"environment":"Prod_southeastasia_prod-s01-064-apac-southeastasia", "migrationStage":"NotStarted", "server":"akswtt00900001z"}}
{"logTime": "0715/054204", "correlationVector":"drQqK3etDkSecrEyppuBiH.2","action":"ProcessGetUpdates", "result":"Done", "context":{"dataType":"Encryption Keys", "deleted":"0", "process_failed_to_decrypt":"0", "process_pending_decryption":"0", "process_success":"1", "total":"1"}}
{"logTime": "0715/054204", "correlationVector":"BH3CB+m0GgvUJcV7kMh1hm","action":"SyncServerConnectionManagerRequest", "result":"SYNC_SERVER_OK", "context":{"environment":"", "migrationStage":"", "server":""}}
{"logTime": "0715/054204", "correlationVector":"BH3CB+m0GgvUJcV7kMh1hm.0","action":"EncryptionKeysFetcher.DownloadKeys:", "result":"Success", "context":Key count: 7, Last key timestamp: 2025-02-13T05:41:07Z}
{"logTime": "0715/054204", "correlationVector":"BH3CB+m0GgvUJcV7kMh1hm.1","action":"EncryptionKeysManager::SetEncryptionKeys:", "result":"Success", "context":Key names[7]:[S0LU+tS5wpanc1gsxTL1vNVBts2gHi2GwdcZIUIcpk22Mnn9z5Tr0xQZDOXDQQyXkrXZCFqL82axN2HaxmGYgg==][3Sv05JLDEvg38ZTytD/empbR9tprn/1C+rYIXhyGK7KObniVwBI464E4wCflVnXTCzk2Nktpj71sZChboNe2Og==][7VL7U4Zzq4c4w+XQRFz4qJkap/DFElV2XK+ADbWZzhDNfno9BrLowQHbWb3itifDw3QZTB0FVOxNmt/vaiKa+g==][LiUMM76vvIS85Gdag+r1MNw16jGlJePd5mLGW6rdBS+RfxLroVvUJP9XfUTcwwUHGVWiiLvT24a+863mlgpIpQ==][U6tVaL3pMAe8YkLq+JomgyaxB7qb74cDgfkR9cdzmEQkvlHk7EG2oOlcAqZSMnGciJmR2+sUkB4QI6u700S6hQ==][97O5UeHH0yU44V9j9S9XRW2gLlU54/dGAdXHoGfSXaqgozNtn8i+FB6KWqP+uXwBbRInOX7qt6b9Y994lyGgog==][PKXqMrcV0WsFE+HC/qQoHFIKfMCwUq56hW7qnixPAzRrz+6FH8UutAPHpsBNbP4qyR0oOnz/AnKn3RuXDME83w==]}
{"logTime": "0715/054204", "correlationVector":"BH3CB+m0GgvUJcV7kMh1hm.2","action":"EncryptionKeysManager::SetEncryptionKeysWithTimestamps:", "result":"Success", "context":Key timestamps[7]:[2022-02-11T01:41:43Z][2022-08-12T01:57:04Z][2023-02-08T11:44:38Z][2023-08-08T00:59:14Z][2024-02-04T01:56:05Z][2024-08-02T02:56:24Z][2025-02-13T05:41:07Z]}
{"logTime": "0715/054204", "correlationVector":"drQqK3etDkSecrEyppuBiH","action":"Initial GetUpdates", "result":"", "context":Reason: NEW_CLIENT. cV=drQqK3etDkSecrEyppuBiH}
{"logTime": "0715/054204", "correlationVector":"drQqK3etDkSecrEyppuBiH.3","action":"GetUpdates Response", "result":"Success", "context":Received 1 update(s). cV=drQqK3etDkSecrEyppuBiH.0;server=akswtt00900001z;cloudType=Consumer;environment=Prod_southeastasia_prod-s01-064-apac-southeastasia;migrationStage=NotStarted}
{"logTime": "0715/054204", "correlationVector":"+/yE4ZfzFR8oQW0sjlfkLT","action":"Initial GetUpdates", "result":"", "context":Reason: NEWLY_SUPPORTED_DATATYPE. cV=+/yE4ZfzFR8oQW0sjlfkLT}
{"logTime": "0715/054205", "correlationVector":"+/yE4ZfzFR8oQW0sjlfkLT.1","action":"SyncServerConnectionManagerRequest", "result":"SYNC_SERVER_OK", "context":{"environment":"Prod_southeastasia_prod-s01-064-apac-southeastasia", "migrationStage":"NotStarted", "server":"akswtt00900003b"}}
{"logTime": "0715/054205", "correlationVector":"+/yE4ZfzFR8oQW0sjlfkLT.2","action":"ProcessGetUpdates", "result":"Done", "context":{"dataType":"Preferences", "deleted":"3", "process_failed_to_decrypt":"0", "process_pending_decryption":"0", "process_success":"130", "total":"130"}}
{"logTime": "0715/054205", "correlationVector":"+/yE4ZfzFR8oQW0sjlfkLT.3","action":"ProcessGetUpdates", "result":"Done", "context":{"dataType":"Passwords", "deleted":"1", "process_failed_to_decrypt":"0", "process_pending_decryption":"0", "process_success":"53", "total":"53"}}
{"logTime": "0715/054205", "correlationVector":"+/yE4ZfzFR8oQW0sjlfkLT.4","action":"ProcessGetUpdates", "result":"Done", "context":{"dataType":"Device Info", "deleted":"0", "process_failed_to_decrypt":"0", "process_pending_decryption":"0", "process_success":"3", "total":"3"}}
{"logTime": "0715/054205", "correlationVector":"+/yE4ZfzFR8oQW0sjlfkLT.5","action":"GetUpdates Response", "result":"Success", "context":Received 186 update(s). cV=+/yE4ZfzFR8oQW0sjlfkLT.0;server=akswtt00900003b;cloudType=Consumer;environment=Prod_southeastasia_prod-s01-064-apac-southeastasia;migrationStage=NotStarted}
{"logTime": "0715/054205", "correlationVector":"l4Dg2n2dXXh+GISvVcFrWS","action":"Initial GetUpdates", "result":"", "context":Reason: NEWLY_SUPPORTED_DATATYPE. cV=l4Dg2n2dXXh+GISvVcFrWS}
{"logTime": "0715/054206", "correlationVector":"l4Dg2n2dXXh+GISvVcFrWS.1","action":"SyncServerConnectionManagerRequest", "result":"SYNC_SERVER_OK", "context":{"environment":"Prod_southeastasia_prod-s01-064-apac-southeastasia", "migrationStage":"NotStarted", "server":"akswtt00900000x"}}
{"logTime": "0715/054206", "correlationVector":"l4Dg2n2dXXh+GISvVcFrWS.2","action":"ProcessGetUpdates", "result":"Done", "context":{"dataType":"Bookmarks", "deleted":"24", "process_failed_to_decrypt":"0", "process_pending_decryption":"0", "process_success":"105", "total":"105"}}
{"logTime": "0715/054206", "correlationVector":"l4Dg2n2dXXh+GISvVcFrWS.3","action":"GetUpdates Response", "result":"Success", "context":Received 105 update(s). cV=l4Dg2n2dXXh+GISvVcFrWS.0;server=akswtt00900000x;cloudType=Consumer;environment=Prod_southeastasia_prod-s01-064-apac-southeastasia;migrationStage=NotStarted}
{"logTime": "0715/054206", "correlationVector":"6HMbcmT25m6FpbuRLirAbJ","action":"Initial GetUpdates", "result":"", "context":Reason: NEWLY_SUPPORTED_DATATYPE. cV=6HMbcmT25m6FpbuRLirAbJ}
{"logTime": "0715/054207", "correlationVector":"6HMbcmT25m6FpbuRLirAbJ.1","action":"SyncServerConnectionManagerRequest", "result":"SYNC_SERVER_OK", "context":{"environment":"Prod_southeastasia_prod-s01-065-apac-southeastasia", "migrationStage":"NotStarted", "server":"akswtt009000016"}}
{"logTime": "0715/054207", "correlationVector":"6HMbcmT25m6FpbuRLirAbJ.2","action":"ProcessGetUpdates", "result":"Done", "context":{"dataType":"Autofill Profiles", "deleted":"0", "process_failed_to_decrypt":"0", "process_pending_decryption":"0", "process_success":"2", "total":"2"}}
{"logTime": "0715/054207", "correlationVector":"6HMbcmT25m6FpbuRLirAbJ.3","action":"ProcessGetUpdates", "result":"Done", "context":{"dataType":"Autofill", "deleted":"0", "process_failed_to_decrypt":"0", "process_pending_decryption":"0", "process_success":"235", "total":"235"}}
{"logTime": "0715/054207", "correlationVector":"6HMbcmT25m6FpbuRLirAbJ.4","action":"ProcessGetUpdates", "result":"Done", "context":{"dataType":"Extensions", "deleted":"0", "process_failed_to_decrypt":"0", "process_pending_decryption":"0", "process_success":"2", "total":"2"}}
{"logTime": "0715/054207", "correlationVector":"6HMbcmT25m6FpbuRLirAbJ.5","action":"ProcessGetUpdates", "result":"Done", "context":{"dataType":"Extension settings", "deleted":"0", "process_failed_to_decrypt":"0", "process_pending_decryption":"0", "process_success":"10", "total":"10"}}
{"logTime": "0715/054207", "correlationVector":"6HMbcmT25m6FpbuRLirAbJ.6","action":"ProcessGetUpdates", "result":"Done", "context":{"dataType":"Collection", "deleted":"0", "process_failed_to_decrypt":"0", "process_pending_decryption":"0", "process_success":"1", "total":"1"}}
{"logTime": "0715/054207", "correlationVector":"6HMbcmT25m6FpbuRLirAbJ.7","action":"GetUpdates Response", "result":"Success", "context":Received 250 update(s). cV=6HMbcmT25m6FpbuRLirAbJ.0;server=akswtt009000016;cloudType=Consumer;environment=Prod_southeastasia_prod-s01-065-apac-southeastasia;migrationStage=NotStarted Some updates remain.}
{"logTime": "0715/054207", "correlationVector":"9TjZvLdYohaNeehfGbF9cN","action":"Initial GetUpdates", "result":"", "context":Reason: NEWLY_SUPPORTED_DATATYPE. cV=9TjZvLdYohaNeehfGbF9cN}
{"logTime": "0715/054208", "correlationVector":"9TjZvLdYohaNeehfGbF9cN.1","action":"SyncServerConnectionManagerRequest", "result":"SYNC_SERVER_OK", "context":{"environment":"Prod_southeastasia_prod-s01-065-apac-southeastasia", "migrationStage":"NotStarted", "server":"akswtt00900002z"}}
{"logTime": "0715/054208", "correlationVector":"9TjZvLdYohaNeehfGbF9cN.2","action":"ProcessGetUpdates", "result":"Done", "context":{"dataType":"Autofill Profiles", "deleted":"0", "process_failed_to_decrypt":"0", "process_pending_decryption":"0", "process_success":"3", "total":"3"}}
{"logTime": "0715/054208", "correlationVector":"9TjZvLdYohaNeehfGbF9cN.3","action":"ProcessGetUpdates", "result":"Done", "context":{"dataType":"Autofill", "deleted":"0", "process_failed_to_decrypt":"0", "process_pending_decryption":"0", "process_success":"74", "total":"74"}}
{"logTime": "0715/054208", "correlationVector":"9TjZvLdYohaNeehfGbF9cN.4","action":"ProcessGetUpdates", "result":"Done", "context":{"dataType":"Sessions", "deleted":"158", "process_failed_to_decrypt":"0", "process_pending_decryption":"0", "process_success":"158", "total":"158"}}
{"logTime": "0715/054208", "correlationVector":"9TjZvLdYohaNeehfGbF9cN.5","action":"ProcessGetUpdates", "result":"Done", "context":{"dataType":"Extension settings", "deleted":"0", "process_failed_to_decrypt":"0", "process_pending_decryption":"0", "process_success":"7", "total":"7"}}
{"logTime": "0715/054208", "correlationVector":"9TjZvLdYohaNeehfGbF9cN.6","action":"ProcessGetUpdates", "result":"Done", "context":{"dataType":"Edge Hub App Usage", "deleted":"0", "process_failed_to_decrypt":"0", "process_pending_decryption":"0", "process_success":"8", "total":"8"}}
{"logTime": "0715/054208", "correlationVector":"9TjZvLdYohaNeehfGbF9cN.7","action":"GetUpdates Response", "result":"Success", "context":Received 250 update(s). cV=9TjZvLdYohaNeehfGbF9cN.0;server=akswtt00900002z;cloudType=Consumer;environment=Prod_southeastasia_prod-s01-065-apac-southeastasia;migrationStage=NotStarted Some updates remain.}
{"logTime": "0715/054208", "correlationVector":"wqbxMuNP2reuZ9nwBGpIsF","action":"Initial GetUpdates", "result":"", "context":Reason: NEWLY_SUPPORTED_DATATYPE. cV=wqbxMuNP2reuZ9nwBGpIsF}
{"logTime": "0715/054208", "correlationVector":"wqbxMuNP2reuZ9nwBGpIsF.1","action":"SyncServerConnectionManagerRequest", "result":"SYNC_SERVER_OK", "context":{"environment":"Prod_southeastasia_prod-s01-065-apac-southeastasia", "migrationStage":"NotStarted", "server":"akswtt00900002e"}}
{"logTime": "0715/054208", "correlationVector":"wqbxMuNP2reuZ9nwBGpIsF.2","action":"ProcessGetUpdates", "result":"Done", "context":{"dataType":"Autofill Profiles", "deleted":"0", "process_failed_to_decrypt":"0", "process_pending_decryption":"0", "process_success":"8", "total":"8"}}
{"logTime": "0715/054208", "correlationVector":"wqbxMuNP2reuZ9nwBGpIsF.3","action":"ProcessGetUpdates", "result":"Done", "context":{"dataType":"Autofill", "deleted":"0", "process_failed_to_decrypt":"0", "process_pending_decryption":"0", "process_success":"25", "total":"25"}}
{"logTime": "0715/054208", "correlationVector":"wqbxMuNP2reuZ9nwBGpIsF.4","action":"ProcessGetUpdates", "result":"Done", "context":{"dataType":"Sessions", "deleted":"211", "process_failed_to_decrypt":"0", "process_pending_decryption":"0", "process_success":"211", "total":"211"}}
{"logTime": "0715/054208", "correlationVector":"wqbxMuNP2reuZ9nwBGpIsF.5","action":"ProcessGetUpdates", "result":"Done", "context":{"dataType":"Extension settings", "deleted":"0", "process_failed_to_decrypt":"0", "process_pending_decryption":"0", "process_success":"1", "total":"1"}}
{"logTime": "0715/054208", "correlationVector":"wqbxMuNP2reuZ9nwBGpIsF.6","action":"ProcessGetUpdates", "result":"Done", "context":{"dataType":"Edge Hub App Usage", "deleted":"2", "process_failed_to_decrypt":"0", "process_pending_decryption":"0", "process_success":"5", "total":"5"}}
{"logTime": "0715/054208", "correlationVector":"wqbxMuNP2reuZ9nwBGpIsF.7","action":"GetUpdates Response", "result":"Success", "context":Received 250 update(s). cV=wqbxMuNP2reuZ9nwBGpIsF.0;server=akswtt00900002e;cloudType=Consumer;environment=Prod_southeastasia_prod-s01-065-apac-southeastasia;migrationStage=NotStarted Some updates remain.}
{"logTime": "0715/054208", "correlationVector":"znRukB/2e/IMu3XsGG/dEC","action":"Initial GetUpdates", "result":"", "context":Reason: NEWLY_SUPPORTED_DATATYPE. cV=znRukB/2e/IMu3XsGG/dEC}
{"logTime": "0715/054209", "correlationVector":"znRukB/2e/IMu3XsGG/dEC.1","action":"SyncServerConnectionManagerRequest", "result":"SYNC_SERVER_OK", "context":{"environment":"Prod_southeastasia_prod-s01-065-apac-southeastasia", "migrationStage":"NotStarted", "server":"akswtt009000018"}}
{"logTime": "0715/054209", "correlationVector":"znRukB/2e/IMu3XsGG/dEC.2","action":"ProcessGetUpdates", "result":"Done", "context":{"dataType":"Autofill Profiles", "deleted":"0", "process_failed_to_decrypt":"0", "process_pending_decryption":"0", "process_success":"1", "total":"1"}}
{"logTime": "0715/054209", "correlationVector":"znRukB/2e/IMu3XsGG/dEC.3","action":"ProcessGetUpdates", "result":"Done", "context":{"dataType":"Autofill", "deleted":"0", "process_failed_to_decrypt":"0", "process_pending_decryption":"0", "process_success":"10", "total":"10"}}
{"logTime": "0715/054209", "correlationVector":"znRukB/2e/IMu3XsGG/dEC.4","action":"ProcessGetUpdates", "result":"Done", "context":{"dataType":"Extensions", "deleted":"0", "process_failed_to_decrypt":"0", "process_pending_decryption":"0", "process_success":"2", "total":"2"}}
{"logTime": "0715/054209", "correlationVector":"znRukB/2e/IMu3XsGG/dEC.5","action":"ProcessGetUpdates", "result":"Done", "context":{"dataType":"Sessions", "deleted":"150", "process_failed_to_decrypt":"0", "process_pending_decryption":"0", "process_success":"154", "total":"154"}}
{"logTime": "0715/054209", "correlationVector":"znRukB/2e/IMu3XsGG/dEC.6","action":"ProcessGetUpdates", "result":"Done", "context":{"dataType":"Extension settings", "deleted":"0", "process_failed_to_decrypt":"0", "process_pending_decryption":"0", "process_success":"5", "total":"5"}}
{"logTime": "0715/054209", "correlationVector":"znRukB/2e/IMu3XsGG/dEC.7","action":"GetUpdates Response", "result":"Success", "context":Received 172 update(s). cV=znRukB/2e/IMu3XsGG/dEC.0;server=akswtt009000018;cloudType=Consumer;environment=Prod_southeastasia_prod-s01-065-apac-southeastasia;migrationStage=NotStarted}
{"logTime": "0715/054209", "correlationVector":"hpQPr7UJ1QvwGKOy4hnmnh","action":"Initial GetUpdates", "result":"", "context":Reason: NEWLY_SUPPORTED_DATATYPE. cV=hpQPr7UJ1QvwGKOy4hnmnh}
{"logTime": "0715/054210", "correlationVector":"hpQPr7UJ1QvwGKOy4hnmnh.1","action":"SyncServerConnectionManagerRequest", "result":"SYNC_SERVER_OK", "context":{"environment":"Prod_southeastasia_prod-s01-065-apac-southeastasia", "migrationStage":"NotStarted", "server":"akswtt009000018"}}
{"logTime": "0715/054210", "correlationVector":"hpQPr7UJ1QvwGKOy4hnmnh.2","action":"ProcessGetUpdates", "result":"Done", "context":{"dataType":"History", "deleted":"0", "process_failed_to_decrypt":"0", "process_pending_decryption":"0", "process_success":"250", "total":"250"}}
{"logTime": "0715/054210", "correlationVector":"hpQPr7UJ1QvwGKOy4hnmnh.3","action":"GetUpdates Response", "result":"Success", "context":Received 250 update(s). cV=hpQPr7UJ1QvwGKOy4hnmnh.0;server=akswtt009000018;cloudType=Consumer;environment=Prod_southeastasia_prod-s01-065-apac-southeastasia;migrationStage=NotStarted Some updates remain.}
{"logTime": "0715/054210", "correlationVector":"Mwi0JMY0g3A3GAAdEa7cm1","action":"Initial GetUpdates", "result":"", "context":Reason: NEWLY_SUPPORTED_DATATYPE. cV=Mwi0JMY0g3A3GAAdEa7cm1}
{"logTime": "0715/054211", "correlationVector":"Mwi0JMY0g3A3GAAdEa7cm1.1","action":"SyncServerConnectionManagerRequest", "result":"SYNC_SERVER_OK", "context":{"environment":"Prod_southeastasia_prod-s01-065-apac-southeastasia", "migrationStage":"NotStarted", "server":"akswtt009000016"}}
{"logTime": "0715/054211", "correlationVector":"Mwi0JMY0g3A3GAAdEa7cm1.2","action":"ProcessGetUpdates", "result":"Done", "context":{"dataType":"History", "deleted":"0", "process_failed_to_decrypt":"0", "process_pending_decryption":"0", "process_success":"250", "total":"250"}}
{"logTime": "0715/054211", "correlationVector":"Mwi0JMY0g3A3GAAdEa7cm1.3","action":"GetUpdates Response", "result":"Success", "context":Received 250 update(s). cV=Mwi0JMY0g3A3GAAdEa7cm1.0;server=akswtt009000016;cloudType=Consumer;environment=Prod_southeastasia_prod-s01-065-apac-southeastasia;migrationStage=NotStarted Some updates remain.}
{"logTime": "0715/054211", "correlationVector":"pzQhIGkp8PdQVDf8HEbrNh","action":"Initial GetUpdates", "result":"", "context":Reason: NEWLY_SUPPORTED_DATATYPE. cV=pzQhIGkp8PdQVDf8HEbrNh}
{"logTime": "0715/054211", "correlationVector":"pzQhIGkp8PdQVDf8HEbrNh.1","action":"SyncServerConnectionManagerRequest", "result":"SYNC_SERVER_OK", "context":{"environment":"Prod_southeastasia_prod-s01-065-apac-southeastasia", "migrationStage":"NotStarted", "server":"akswtt00900001u"}}
{"logTime": "0715/054211", "correlationVector":"pzQhIGkp8PdQVDf8HEbrNh.2","action":"ProcessGetUpdates", "result":"Done", "context":{"dataType":"History", "deleted":"0", "process_failed_to_decrypt":"0", "process_pending_decryption":"0", "process_success":"250", "total":"250"}}
{"logTime": "0715/054211", "correlationVector":"pzQhIGkp8PdQVDf8HEbrNh.3","action":"GetUpdates Response", "result":"Success", "context":Received 250 update(s). cV=pzQhIGkp8PdQVDf8HEbrNh.0;server=akswtt00900001u;cloudType=Consumer;environment=Prod_southeastasia_prod-s01-065-apac-southeastasia;migrationStage=NotStarted Some updates remain.}
{"logTime": "0715/054211", "correlationVector":"pPhyIpgwdcqSKAy2tpr0gd","action":"Initial GetUpdates", "result":"", "context":Reason: NEWLY_SUPPORTED_DATATYPE. cV=pPhyIpgwdcqSKAy2tpr0gd}
{"logTime": "0715/054212", "correlationVector":"pPhyIpgwdcqSKAy2tpr0gd.1","action":"SyncServerConnectionManagerRequest", "result":"SYNC_SERVER_OK", "context":{"environment":"Prod_southeastasia_prod-s01-065-apac-southeastasia", "migrationStage":"NotStarted", "server":"akswtt00900002o"}}
{"logTime": "0715/054212", "correlationVector":"pPhyIpgwdcqSKAy2tpr0gd.2","action":"ProcessGetUpdates", "result":"Done", "context":{"dataType":"History", "deleted":"0", "process_failed_to_decrypt":"0", "process_pending_decryption":"0", "process_success":"127", "total":"127"}}
{"logTime": "0715/054212", "correlationVector":"pPhyIpgwdcqSKAy2tpr0gd.3","action":"GetUpdates Response", "result":"Success", "context":Received 127 update(s). cV=pPhyIpgwdcqSKAy2tpr0gd.0;server=akswtt00900002o;cloudType=Consumer;environment=Prod_southeastasia_prod-s01-065-apac-southeastasia;migrationStage=NotStarted}
{"logTime": "0715/054212", "correlationVector":"WEJi63FZH79MHHcbqSF+fP","action":"Normal GetUpdate request", "result":"", "context":cV=WEJi63FZH79MHHcbqSF+fP
Nudged types: Bookmarks, Sessions, Device Info, User Consents
Refresh requested types: Bookmarks, Preferences, Passwords, Autofill Profiles, Autofill, Extensions, Sessions, Extension settings, History Delete Directives, Device Info, User Consents, Send Tab To Self, Web Apps, History, Saved Tab Group, WebAuthn Credentials, Collection, Edge E Drop, Edge Hub App Usage, Edge Wallet, Encryption Keys}
{"logTime": "0715/054212", "correlationVector":"WEJi63FZH79MHHcbqSF+fP.1","action":"SyncServerConnectionManagerRequest", "result":"SYNC_SERVER_OK", "context":{"environment":"Prod_southeastasia_prod-s01-065-apac-southeastasia", "migrationStage":"NotStarted", "server":"akswtt00900000f"}}
{"logTime": "0715/054212", "correlationVector":"WEJi63FZH79MHHcbqSF+fP.2","action":"GetUpdates Response", "result":"Success", "context":Received 0 update(s). cV=WEJi63FZH79MHHcbqSF+fP.0;server=akswtt00900000f;cloudType=Consumer;environment=Prod_southeastasia_prod-s01-065-apac-southeastasia;migrationStage=NotStarted}
{"logTime": "0715/054212", "correlationVector":"NYY3M6LrHbWqtE5fLvrU6q","action":"Commit Request", "result":"", "context":Item count: 6
Contributing types: Bookmarks, Sessions, Device Info, User Consents}
{"logTime": "0715/054213", "correlationVector":"NYY3M6LrHbWqtE5fLvrU6q.1","action":"SyncServerConnectionManagerRequest", "result":"SYNC_SERVER_OK", "context":{"environment":"Prod_southeastasia_prod-s01-065-apac-southeastasia", "migrationStage":"NotStarted", "server":"akswtt009000003"}}
{"logTime": "0715/054213", "correlationVector":"NYY3M6LrHbWqtE5fLvrU6q.2","action":"Commit Response", "result":"Success", "context":Result: Success. cV=NYY3M6LrHbWqtE5fLvrU6q.0;server=akswtt009000003;cloudType=Consumer;environment=Prod_southeastasia_prod-s01-065-apac-southeastasia;migrationStage=NotStarted}
{"logTime": "0715/054421", "correlationVector":"D6t8qd+1oioFswYUdvOW/E.1","action":"SyncServerConnectionManagerRequest", "result":"SYNC_SERVER_OK", "context":{"environment":"Prod_southeastasia_prod-s01-064-apac-southeastasia", "migrationStage":"NotStarted", "server":"akswtt00900002o"}}
{"logTime": "0715/054421", "correlationVector":"D6t8qd+1oioFswYUdvOW/E.2","action":"ProcessGetUpdates", "result":"Done", "context":{"dataType":"Encryption Keys", "deleted":"0", "process_failed_to_decrypt":"0", "process_pending_decryption":"0", "process_success":"1", "total":"1"}}
{"logTime": "0715/054429", "correlationVector":"3vGD2k89Njdp2/Gi6Emft1","action":"SyncServerConnectionManagerRequest", "result":"SYNC_SERVER_OK", "context":{"environment":"", "migrationStage":"", "server":""}}
{"logTime": "0715/054429", "correlationVector":"3vGD2k89Njdp2/Gi6Emft1.0","action":"EncryptionKeysFetcher.DownloadKeys:", "result":"Success", "context":Key count: 7, Last key timestamp: 2025-02-13T05:41:07Z}
{"logTime": "0715/054429", "correlationVector":"3vGD2k89Njdp2/Gi6Emft1.1","action":"EncryptionKeysManager::SetEncryptionKeys:", "result":"Success", "context":Key names[7]:[S0LU+tS5wpanc1gsxTL1vNVBts2gHi2GwdcZIUIcpk22Mnn9z5Tr0xQZDOXDQQyXkrXZCFqL82axN2HaxmGYgg==][3Sv05JLDEvg38ZTytD/empbR9tprn/1C+rYIXhyGK7KObniVwBI464E4wCflVnXTCzk2Nktpj71sZChboNe2Og==][7VL7U4Zzq4c4w+XQRFz4qJkap/DFElV2XK+ADbWZzhDNfno9BrLowQHbWb3itifDw3QZTB0FVOxNmt/vaiKa+g==][LiUMM76vvIS85Gdag+r1MNw16jGlJePd5mLGW6rdBS+RfxLroVvUJP9XfUTcwwUHGVWiiLvT24a+863mlgpIpQ==][U6tVaL3pMAe8YkLq+JomgyaxB7qb74cDgfkR9cdzmEQkvlHk7EG2oOlcAqZSMnGciJmR2+sUkB4QI6u700S6hQ==][97O5UeHH0yU44V9j9S9XRW2gLlU54/dGAdXHoGfSXaqgozNtn8i+FB6KWqP+uXwBbRInOX7qt6b9Y994lyGgog==][PKXqMrcV0WsFE+HC/qQoHFIKfMCwUq56hW7qnixPAzRrz+6FH8UutAPHpsBNbP4qyR0oOnz/AnKn3RuXDME83w==]}
{"logTime": "0715/054429", "correlationVector":"3vGD2k89Njdp2/Gi6Emft1.2","action":"EncryptionKeysManager::SetEncryptionKeysWithTimestamps:", "result":"Success", "context":Key timestamps[7]:[2022-02-11T01:41:43Z][2022-08-12T01:57:04Z][2023-02-08T11:44:38Z][2023-08-08T00:59:14Z][2024-02-04T01:56:05Z][2024-08-02T02:56:24Z][2025-02-13T05:41:07Z]}
{"logTime": "0715/054429", "correlationVector":"D6t8qd+1oioFswYUdvOW/E","action":"Initial GetUpdates", "result":"", "context":Reason: NEW_CLIENT. cV=D6t8qd+1oioFswYUdvOW/E}
{"logTime": "0715/054429", "correlationVector":"D6t8qd+1oioFswYUdvOW/E.3","action":"GetUpdates Response", "result":"Success", "context":Received 1 update(s). cV=D6t8qd+1oioFswYUdvOW/E.0;server=akswtt00900002o;cloudType=Consumer;environment=Prod_southeastasia_prod-s01-064-apac-southeastasia;migrationStage=NotStarted}
{"logTime": "0715/054429", "correlationVector":"TOy4FGyAnD7SJnScweNaNt","action":"Initial GetUpdates", "result":"", "context":Reason: NEWLY_SUPPORTED_DATATYPE. cV=TOy4FGyAnD7SJnScweNaNt}
{"logTime": "0715/054429", "correlationVector":"TOy4FGyAnD7SJnScweNaNt.1","action":"SyncServerConnectionManagerRequest", "result":"SYNC_SERVER_OK", "context":{"environment":"Prod_southeastasia_prod-s01-064-apac-southeastasia", "migrationStage":"NotStarted", "server":"akswtt009000020"}}
{"logTime": "0715/054429", "correlationVector":"TOy4FGyAnD7SJnScweNaNt.2","action":"ProcessGetUpdates", "result":"Done", "context":{"dataType":"Passwords", "deleted":"1", "process_failed_to_decrypt":"0", "process_pending_decryption":"0", "process_success":"53", "total":"53"}}
{"logTime": "0715/054429", "correlationVector":"TOy4FGyAnD7SJnScweNaNt.3","action":"GetUpdates Response", "result":"Success", "context":Received 53 update(s). cV=TOy4FGyAnD7SJnScweNaNt.0;server=akswtt009000020;cloudType=Consumer;environment=Prod_southeastasia_prod-s01-064-apac-southeastasia;migrationStage=NotStarted}
{"logTime": "0715/054429", "correlationVector":"DCtJUAopFgWzsTKLw/dVhp","action":"Normal GetUpdate request", "result":"", "context":cV=DCtJUAopFgWzsTKLw/dVhp
Nudged types: Sessions, History
Refresh requested types: Bookmarks, Preferences, Passwords, Autofill Profiles, Autofill, Extensions, Sessions, Extension settings, History Delete Directives, Device Info, User Consents, Send Tab To Self, Web Apps, History, Saved Tab Group, WebAuthn Credentials, Collection, Edge E Drop, Edge Hub App Usage, Edge Wallet, Encryption Keys}
{"logTime": "0715/054431", "correlationVector":"DCtJUAopFgWzsTKLw/dVhp.1","action":"SyncServerConnectionManagerRequest", "result":"SYNC_SERVER_OK", "context":{"environment":"Prod_southeastasia_prod-s01-064-apac-southeastasia", "migrationStage":"NotStarted", "server":"akswtt00900001a"}}
{"logTime": "0715/054431", "correlationVector":"DCtJUAopFgWzsTKLw/dVhp.2","action":"ProcessGetUpdates", "result":"Done", "context":{"dataType":"Bookmarks", "deleted":"0", "process_failed_to_decrypt":"0", "process_pending_decryption":"0", "process_success":"1", "total":"1"}}
{"logTime": "0715/054431", "correlationVector":"DCtJUAopFgWzsTKLw/dVhp.3","action":"ProcessGetUpdates", "result":"Done", "context":{"dataType":"Sessions", "deleted":"0", "process_failed_to_decrypt":"0", "process_pending_decryption":"0", "process_success":"2", "total":"2"}}
{"logTime": "0715/054431", "correlationVector":"DCtJUAopFgWzsTKLw/dVhp.4","action":"ProcessGetUpdates", "result":"Done", "context":{"dataType":"Device Info", "deleted":"0", "process_failed_to_decrypt":"0", "process_pending_decryption":"0", "process_success":"1", "total":"1"}}
{"logTime": "0715/054431", "correlationVector":"DCtJUAopFgWzsTKLw/dVhp.5","action":"GetUpdates Response", "result":"Success", "context":Received 4 update(s). cV=DCtJUAopFgWzsTKLw/dVhp.0;server=akswtt00900001a;cloudType=Consumer;environment=Prod_southeastasia_prod-s01-064-apac-southeastasia;migrationStage=NotStarted}
{"logTime": "0715/054431", "correlationVector":"aWwITcGAsh44Jby/Ddrgdw","action":"Commit Request", "result":"", "context":Item count: 4
Contributing types: Sessions, History}
{"logTime": "0715/054432", "correlationVector":"aWwITcGAsh44Jby/Ddrgdw.1","action":"SyncServerConnectionManagerRequest", "result":"SYNC_SERVER_OK", "context":{"environment":"Prod_southeastasia_prod-s01-064-apac-southeastasia", "migrationStage":"NotStarted", "server":"akswtt00900001a"}}
{"logTime": "0715/054432", "correlationVector":"aWwITcGAsh44Jby/Ddrgdw.2","action":"Commit Response", "result":"Success", "context":Result: Success. cV=aWwITcGAsh44Jby/Ddrgdw.0;server=akswtt00900001a;cloudType=Consumer;environment=Prod_southeastasia_prod-s01-064-apac-southeastasia;migrationStage=NotStarted}
{"logTime": "0715/054521", "correlationVector":"aSizl8QQEXxVE5YKbdiLVr","action":"Commit Request", "result":"", "context":Item count: 1
Contributing types: Preferences}
{"logTime": "0715/054521", "correlationVector":"aSizl8QQEXxVE5YKbdiLVr.1","action":"SyncServerConnectionManagerRequest", "result":"SYNC_SERVER_OK", "context":{"environment":"Prod_southeastasia_prod-s01-064-apac-southeastasia", "migrationStage":"NotStarted", "server":"akswtt009000011"}}
{"logTime": "0715/054521", "correlationVector":"aSizl8QQEXxVE5YKbdiLVr.2","action":"Commit Response", "result":"Success", "context":Result: Success. cV=aSizl8QQEXxVE5YKbdiLVr.0;server=akswtt009000011;cloudType=Consumer;environment=Prod_southeastasia_prod-s01-064-apac-southeastasia;migrationStage=NotStarted}
{"logTime": "0715/054524", "correlationVector":"XGhP7qY/JtROJeK53/aGYl","action":"Commit Request", "result":"", "context":Item count: 1
Contributing types: Preferences}
{"logTime": "0715/054524", "correlationVector":"XGhP7qY/JtROJeK53/aGYl.1","action":"SyncServerConnectionManagerRequest", "result":"SYNC_SERVER_OK", "context":{"environment":"Prod_southeastasia_prod-s01-064-apac-southeastasia", "migrationStage":"NotStarted", "server":"akswtt00900002t"}}
{"logTime": "0715/054524", "correlationVector":"XGhP7qY/JtROJeK53/aGYl.2","action":"Commit Response", "result":"Success", "context":Result: Success. cV=XGhP7qY/JtROJeK53/aGYl.0;server=akswtt00900002t;cloudType=Consumer;environment=Prod_southeastasia_prod-s01-064-apac-southeastasia;migrationStage=NotStarted}
{"logTime": "0715/054524", "correlationVector":"XGhP7qY/JtROJeK53/aGYl.3","action":"Commit.Preferences", "result":"Success", "context":{"id":"909edbf8-22f8-4f6d-843e-500c179dd281", "isDeleted":"true", "size":"0", "version":"1752558319788"}}
